<?xml version="1.0" encoding="UTF-8"?>
<coverage generated="1670705037890" clover="3.2.0">
  <project timestamp="1670705037890" name="All files">
    <metrics statements="150" coveredstatements="38" conditionals="90" coveredconditionals="20" methods="50" coveredmethods="8" elements="290" coveredelements="66" complexity="0" loc="150" ncloc="150" packages="6" files="9" classes="9"/>
    <package name="overview">
      <metrics statements="52" coveredstatements="12" conditionals="28" coveredconditionals="0" methods="12" coveredmethods="2"/>
      <file name="Overview.jsx" path="/Users/joshkrebs/FEC/Atelier/client/src/components/overview/Overview.jsx">
        <metrics statements="52" coveredstatements="12" conditionals="28" coveredconditionals="0" methods="12" coveredmethods="2"/>
        <line num="10" count="1" type="stmt"/>
        <line num="12" count="1" type="stmt"/>
        <line num="28" count="1" type="stmt"/>
        <line num="29" count="1" type="stmt"/>
        <line num="30" count="1" type="stmt"/>
        <line num="31" count="1" type="stmt"/>
        <line num="32" count="1" type="stmt"/>
        <line num="33" count="1" type="stmt"/>
        <line num="34" count="1" type="stmt"/>
        <line num="35" count="1" type="stmt"/>
        <line num="36" count="1" type="stmt"/>
        <line num="45" count="0" type="stmt"/>
        <line num="48" count="0" type="stmt"/>
        <line num="59" count="0" type="cond" truecount="0" falsecount="4"/>
        <line num="60" count="0" type="stmt"/>
        <line num="62" count="0" type="cond" truecount="0" falsecount="4"/>
        <line num="63" count="0" type="stmt"/>
        <line num="66" count="0" type="stmt"/>
        <line num="68" count="0" type="stmt"/>
        <line num="71" count="0" type="stmt"/>
        <line num="80" count="0" type="stmt"/>
        <line num="82" count="0" type="cond" truecount="0" falsecount="2"/>
        <line num="83" count="0" type="stmt"/>
        <line num="86" count="0" type="cond" truecount="0" falsecount="2"/>
        <line num="88" count="0" type="stmt"/>
        <line num="93" count="0" type="cond" truecount="0" falsecount="2"/>
        <line num="95" count="0" type="stmt"/>
        <line num="103" count="0" type="stmt"/>
        <line num="111" count="0" type="cond" truecount="0" falsecount="4"/>
        <line num="112" count="0" type="stmt"/>
        <line num="115" count="0" type="cond" truecount="0" falsecount="4"/>
        <line num="116" count="0" type="stmt"/>
        <line num="119" count="0" type="cond" truecount="0" falsecount="2"/>
        <line num="120" count="0" type="stmt"/>
        <line num="126" count="0" type="stmt"/>
        <line num="136" count="0" type="stmt"/>
        <line num="232" count="0" type="stmt"/>
        <line num="240" count="0" type="stmt"/>
        <line num="242" count="0" type="stmt"/>
        <line num="249" count="0" type="stmt"/>
        <line num="250" count="0" type="stmt"/>
        <line num="252" count="0" type="stmt"/>
        <line num="254" count="0" type="stmt"/>
        <line num="255" count="0" type="stmt"/>
        <line num="257" count="0" type="cond" truecount="0" falsecount="2"/>
        <line num="258" count="0" type="stmt"/>
        <line num="259" count="0" type="stmt"/>
        <line num="262" count="0" type="cond" truecount="0" falsecount="2"/>
        <line num="263" count="0" type="stmt"/>
        <line num="264" count="0" type="stmt"/>
        <line num="268" count="0" type="stmt"/>
        <line num="277" count="1" type="stmt"/>
      </file>
    </package>
    <package name="overview.parts.addToCart">
      <metrics statements="32" coveredstatements="15" conditionals="26" coveredconditionals="12" methods="9" coveredmethods="2"/>
      <file name="AddToCart.jsx" path="/Users/joshkrebs/FEC/Atelier/client/src/components/overview/parts/addToCart/AddToCart.jsx">
        <metrics statements="16" coveredstatements="7" conditionals="12" coveredconditionals="5" methods="4" coveredmethods="1"/>
        <line num="7" count="2" type="stmt"/>
        <line num="9" count="2" type="stmt"/>
        <line num="10" count="0" type="stmt"/>
        <line num="13" count="2" type="stmt"/>
        <line num="15" count="2" type="cond" truecount="2" falsecount="2"/>
        <line num="16" count="0" type="stmt"/>
        <line num="23" count="2" type="cond" truecount="2" falsecount="2"/>
        <line num="25" count="0" type="stmt"/>
        <line num="26" count="0" type="stmt"/>
        <line num="31" count="0" type="stmt"/>
        <line num="33" count="0" type="cond" truecount="0" falsecount="2"/>
        <line num="34" count="0" type="stmt"/>
        <line num="35" count="0" type="stmt"/>
        <line num="48" count="2" type="cond" truecount="1" falsecount="1"/>
        <line num="49" count="0" type="stmt"/>
        <line num="60" count="2" type="stmt"/>
      </file>
      <file name="QuantitySelector.jsx" path="/Users/joshkrebs/FEC/Atelier/client/src/components/overview/parts/addToCart/QuantitySelector.jsx">
        <metrics statements="16" coveredstatements="8" conditionals="14" coveredconditionals="7" methods="5" coveredmethods="1"/>
        <line num="6" count="2" type="stmt"/>
        <line num="8" count="2" type="stmt"/>
        <line num="9" count="0" type="stmt"/>
        <line num="12" count="2" type="stmt"/>
        <line num="13" count="0" type="stmt"/>
        <line num="14" count="0" type="stmt"/>
        <line num="17" count="2" type="stmt"/>
        <line num="19" count="2" type="cond" truecount="2" falsecount="3"/>
        <line num="22" count="0" type="stmt"/>
        <line num="28" count="2" type="cond" truecount="2" falsecount="2"/>
        <line num="30" count="0" type="stmt"/>
        <line num="34" count="0" type="stmt"/>
        <line num="35" count="0" type="stmt"/>
        <line num="44" count="2" type="cond" truecount="3" falsecount="2"/>
        <line num="45" count="0" type="stmt"/>
        <line num="54" count="2" type="stmt"/>
      </file>
    </package>
    <package name="overview.parts.imageGallery">
      <metrics statements="45" coveredstatements="5" conditionals="22" coveredconditionals="3" methods="20" coveredmethods="2"/>
      <file name="ImageGallery.jsx" path="/Users/joshkrebs/FEC/Atelier/client/src/components/overview/parts/imageGallery/ImageGallery.jsx">
        <metrics statements="22" coveredstatements="5" conditionals="10" coveredconditionals="3" methods="10" coveredmethods="2"/>
        <line num="10" count="9" type="stmt"/>
        <line num="12" count="9" type="stmt"/>
        <line num="17" count="0" type="stmt"/>
        <line num="19" count="0" type="stmt"/>
        <line num="25" count="9" type="cond" truecount="2" falsecount="2"/>
        <line num="27" count="0" type="stmt"/>
        <line num="29" count="0" type="cond" truecount="0" falsecount="2"/>
        <line num="30" count="0" type="stmt"/>
        <line num="42" count="0" type="stmt"/>
        <line num="48" count="0" type="cond" truecount="0" falsecount="2"/>
        <line num="49" count="0" type="stmt"/>
        <line num="60" count="0" type="stmt"/>
        <line num="68" count="0" type="stmt"/>
        <line num="79" count="0" type="stmt"/>
        <line num="80" count="0" type="stmt"/>
        <line num="88" count="1" type="cond" truecount="1" falsecount="1"/>
        <line num="89" count="0" type="stmt"/>
        <line num="92" count="0" type="stmt"/>
        <line num="102" count="0" type="stmt"/>
        <line num="103" count="0" type="stmt"/>
        <line num="105" count="0" type="stmt"/>
        <line num="110" count="1" type="stmt"/>
      </file>
      <file name="Thumbnails.jsx" path="/Users/joshkrebs/FEC/Atelier/client/src/components/overview/parts/imageGallery/Thumbnails.jsx">
        <metrics statements="23" coveredstatements="0" conditionals="12" coveredconditionals="0" methods="10" coveredmethods="0"/>
        <line num="5" count="0" type="stmt"/>
        <line num="7" count="0" type="stmt"/>
        <line num="11" count="0" type="stmt"/>
        <line num="12" count="0" type="stmt"/>
        <line num="13" count="0" type="stmt"/>
        <line num="22" count="0" type="stmt"/>
        <line num="26" count="0" type="cond" truecount="0" falsecount="4"/>
        <line num="27" count="0" type="stmt"/>
        <line num="29" count="0" type="cond" truecount="0" falsecount="4"/>
        <line num="30" count="0" type="stmt"/>
        <line num="33" count="0" type="stmt"/>
        <line num="41" count="0" type="cond" truecount="0" falsecount="2"/>
        <line num="43" count="0" type="stmt"/>
        <line num="50" count="0" type="stmt"/>
        <line num="55" count="0" type="stmt"/>
        <line num="61" count="0" type="cond" truecount="0" falsecount="2"/>
        <line num="62" count="0" type="stmt"/>
        <line num="63" count="0" type="stmt"/>
        <line num="68" count="0" type="stmt"/>
        <line num="69" count="0" type="stmt"/>
        <line num="79" count="0" type="stmt"/>
        <line num="80" count="0" type="stmt"/>
        <line num="87" count="0" type="stmt"/>
      </file>
    </package>
    <package name="overview.parts.imageGallery.views">
      <metrics statements="8" coveredstatements="0" conditionals="4" coveredconditionals="0" methods="4" coveredmethods="0"/>
      <file name="DefaultView.jsx" path="/Users/joshkrebs/FEC/Atelier/client/src/components/overview/parts/imageGallery/views/DefaultView.jsx">
        <metrics statements="4" coveredstatements="0" conditionals="2" coveredconditionals="0" methods="2" coveredmethods="0"/>
        <line num="10" count="0" type="cond" truecount="0" falsecount="2"/>
        <line num="11" count="0" type="stmt"/>
        <line num="18" count="0" type="stmt"/>
        <line num="21" count="0" type="stmt"/>
      </file>
      <file name="ExpandedView.jsx" path="/Users/joshkrebs/FEC/Atelier/client/src/components/overview/parts/imageGallery/views/ExpandedView.jsx">
        <metrics statements="4" coveredstatements="0" conditionals="2" coveredconditionals="0" methods="2" coveredmethods="0"/>
        <line num="6" count="0" type="cond" truecount="0" falsecount="2"/>
        <line num="7" count="0" type="stmt"/>
        <line num="14" count="0" type="stmt"/>
        <line num="17" count="0" type="stmt"/>
      </file>
    </package>
    <package name="overview.parts.productInfo">
      <metrics statements="5" coveredstatements="4" conditionals="6" coveredconditionals="4" methods="1" coveredmethods="1"/>
      <file name="ProductInfo.jsx" path="/Users/joshkrebs/FEC/Atelier/client/src/components/overview/parts/productInfo/ProductInfo.jsx">
        <metrics statements="5" coveredstatements="4" conditionals="6" coveredconditionals="4" methods="1" coveredmethods="1"/>
        <line num="5" count="2" type="cond" truecount="2" falsecount="0"/>
        <line num="6" count="1" type="stmt"/>
        <line num="15" count="1" type="cond" truecount="2" falsecount="2"/>
        <line num="19" count="0" type="stmt"/>
        <line num="33" count="1" type="stmt"/>
      </file>
    </package>
    <package name="overview.parts.styleSelector">
      <metrics statements="8" coveredstatements="2" conditionals="4" coveredconditionals="1" methods="4" coveredmethods="1"/>
      <file name="StyleSelector.jsx" path="/Users/joshkrebs/FEC/Atelier/client/src/components/overview/parts/styleSelector/StyleSelector.jsx">
        <metrics statements="8" coveredstatements="2" conditionals="4" coveredconditionals="1" methods="4" coveredmethods="1"/>
        <line num="9" count="1" type="cond" truecount="1" falsecount="1"/>
        <line num="11" count="0" type="stmt"/>
        <line num="20" count="0" type="cond" truecount="0" falsecount="2"/>
        <line num="21" count="0" type="stmt"/>
        <line num="22" count="0" type="stmt"/>
        <line num="27" count="0" type="stmt"/>
        <line num="28" count="0" type="stmt"/>
        <line num="41" count="1" type="stmt"/>
      </file>
    </package>
  </project>
</coverage>
