{"/Users/joshkrebs/FEC/Atelier/client/src/components/overview/Overview.jsx": {"path":"/Users/joshkrebs/FEC/Atelier/client/src/components/overview/Overview.jsx","statementMap":{"0":{"start":{"line":10,"column":4},"end":{"line":10,"column":17}},"1":{"start":{"line":12,"column":4},"end":{"line":26,"column":5}},"2":{"start":{"line":28,"column":4},"end":{"line":28,"column":47}},"3":{"start":{"line":29,"column":4},"end":{"line":29,"column":55}},"4":{"start":{"line":30,"column":4},"end":{"line":30,"column":53}},"5":{"start":{"line":31,"column":4},"end":{"line":31,"column":51}},"6":{"start":{"line":32,"column":4},"end":{"line":32,"column":73}},"7":{"start":{"line":33,"column":4},"end":{"line":33,"column":49}},"8":{"start":{"line":34,"column":4},"end":{"line":34,"column":71}},"9":{"start":{"line":35,"column":4},"end":{"line":35,"column":59}},"10":{"start":{"line":36,"column":4},"end":{"line":36,"column":51}},"11":{"start":{"line":45,"column":24},"end":{"line":45,"column":58}},"12":{"start":{"line":48,"column":4},"end":{"line":52,"column":6}},"13":{"start":{"line":59,"column":4},"end":{"line":61,"column":5}},"14":{"start":{"line":60,"column":6},"end":{"line":60,"column":13}},"15":{"start":{"line":62,"column":4},"end":{"line":64,"column":5}},"16":{"start":{"line":63,"column":6},"end":{"line":63,"column":13}},"17":{"start":{"line":66,"column":19},"end":{"line":66,"column":91}},"18":{"start":{"line":68,"column":4},"end":{"line":68,"column":37}},"19":{"start":{"line":71,"column":4},"end":{"line":74,"column":6}},"20":{"start":{"line":80,"column":26},"end":{"line":80,"column":64}},"21":{"start":{"line":82,"column":4},"end":{"line":84,"column":5}},"22":{"start":{"line":83,"column":6},"end":{"line":83,"column":13}},"23":{"start":{"line":86,"column":4},"end":{"line":91,"column":5}},"24":{"start":{"line":88,"column":6},"end":{"line":90,"column":8}},"25":{"start":{"line":93,"column":4},"end":{"line":98,"column":5}},"26":{"start":{"line":95,"column":6},"end":{"line":97,"column":8}},"27":{"start":{"line":103,"column":4},"end":{"line":105,"column":6}},"28":{"start":{"line":111,"column":4},"end":{"line":113,"column":5}},"29":{"start":{"line":112,"column":6},"end":{"line":112,"column":12}},"30":{"start":{"line":115,"column":4},"end":{"line":117,"column":5}},"31":{"start":{"line":116,"column":6},"end":{"line":116,"column":12}},"32":{"start":{"line":119,"column":4},"end":{"line":130,"column":5}},"33":{"start":{"line":120,"column":6},"end":{"line":123,"column":8}},"34":{"start":{"line":126,"column":6},"end":{"line":129,"column":8}},"35":{"start":{"line":136,"column":4},"end":{"line":138,"column":6}},"36":{"start":{"line":232,"column":4},"end":{"line":235,"column":6}},"37":{"start":{"line":240,"column":4},"end":{"line":240,"column":32}},"38":{"start":{"line":242,"column":4},"end":{"line":244,"column":6}},"39":{"start":{"line":249,"column":17},"end":{"line":249,"column":19}},"40":{"start":{"line":250,"column":14},"end":{"line":250,"column":16}},"41":{"start":{"line":252,"column":4},"end":{"line":267,"column":5}},"42":{"start":{"line":252,"column":17},"end":{"line":252,"column":18}},"43":{"start":{"line":254,"column":6},"end":{"line":254,"column":26}},"44":{"start":{"line":255,"column":6},"end":{"line":255,"column":26}},"45":{"start":{"line":257,"column":6},"end":{"line":260,"column":7}},"46":{"start":{"line":258,"column":8},"end":{"line":258,"column":25}},"47":{"start":{"line":259,"column":8},"end":{"line":259,"column":17}},"48":{"start":{"line":262,"column":6},"end":{"line":265,"column":7}},"49":{"start":{"line":263,"column":8},"end":{"line":263,"column":25}},"50":{"start":{"line":264,"column":8},"end":{"line":264,"column":17}},"51":{"start":{"line":268,"column":4},"end":{"line":268,"column":18}},"52":{"start":{"line":277,"column":4},"end":{"line":291,"column":5}}},"fnMap":{"0":{"name":"(anonymous_0)","decl":{"start":{"line":9,"column":2},"end":{"line":9,"column":3}},"loc":{"start":{"line":9,"column":21},"end":{"line":37,"column":3}},"line":9},"1":{"name":"(anonymous_1)","decl":{"start":{"line":39,"column":2},"end":{"line":39,"column":3}},"loc":{"start":{"line":39,"column":21},"end":{"line":55,"column":3}},"line":39},"2":{"name":"(anonymous_2)","decl":{"start":{"line":57,"column":2},"end":{"line":57,"column":3}},"loc":{"start":{"line":57,"column":30},"end":{"line":76,"column":3}},"line":57},"3":{"name":"(anonymous_3)","decl":{"start":{"line":79,"column":2},"end":{"line":79,"column":3}},"loc":{"start":{"line":79,"column":29},"end":{"line":100,"column":3}},"line":79},"4":{"name":"(anonymous_4)","decl":{"start":{"line":102,"column":2},"end":{"line":102,"column":3}},"loc":{"start":{"line":102,"column":17},"end":{"line":106,"column":3}},"line":102},"5":{"name":"(anonymous_5)","decl":{"start":{"line":109,"column":2},"end":{"line":109,"column":3}},"loc":{"start":{"line":109,"column":17},"end":{"line":132,"column":3}},"line":109},"6":{"name":"(anonymous_6)","decl":{"start":{"line":135,"column":2},"end":{"line":135,"column":3}},"loc":{"start":{"line":135,"column":23},"end":{"line":140,"column":3}},"line":135},"7":{"name":"(anonymous_7)","decl":{"start":{"line":142,"column":2},"end":{"line":142,"column":3}},"loc":{"start":{"line":142,"column":22},"end":{"line":144,"column":3}},"line":142},"8":{"name":"(anonymous_8)","decl":{"start":{"line":230,"column":2},"end":{"line":230,"column":3}},"loc":{"start":{"line":230,"column":26},"end":{"line":236,"column":3}},"line":230},"9":{"name":"(anonymous_9)","decl":{"start":{"line":238,"column":2},"end":{"line":238,"column":3}},"loc":{"start":{"line":238,"column":21},"end":{"line":245,"column":3}},"line":238},"10":{"name":"(anonymous_10)","decl":{"start":{"line":247,"column":2},"end":{"line":247,"column":3}},"loc":{"start":{"line":247,"column":26},"end":{"line":269,"column":3}},"line":247},"11":{"name":"(anonymous_11)","decl":{"start":{"line":276,"column":2},"end":{"line":276,"column":3}},"loc":{"start":{"line":276,"column":11},"end":{"line":292,"column":3}},"line":276}},"branchMap":{"0":{"loc":{"start":{"line":59,"column":4},"end":{"line":61,"column":5}},"type":"if","locations":[{"start":{"line":59,"column":4},"end":{"line":61,"column":5}},{"start":{},"end":{}}],"line":59},"1":{"loc":{"start":{"line":59,"column":8},"end":{"line":59,"column":55}},"type":"binary-expr","locations":[{"start":{"line":59,"column":8},"end":{"line":59,"column":41}},{"start":{"line":59,"column":45},"end":{"line":59,"column":55}}],"line":59},"2":{"loc":{"start":{"line":62,"column":4},"end":{"line":64,"column":5}},"type":"if","locations":[{"start":{"line":62,"column":4},"end":{"line":64,"column":5}},{"start":{},"end":{}}],"line":62},"3":{"loc":{"start":{"line":62,"column":8},"end":{"line":62,"column":54}},"type":"binary-expr","locations":[{"start":{"line":62,"column":8},"end":{"line":62,"column":41}},{"start":{"line":62,"column":45},"end":{"line":62,"column":54}}],"line":62},"4":{"loc":{"start":{"line":82,"column":4},"end":{"line":84,"column":5}},"type":"if","locations":[{"start":{"line":82,"column":4},"end":{"line":84,"column":5}},{"start":{},"end":{}}],"line":82},"5":{"loc":{"start":{"line":86,"column":4},"end":{"line":91,"column":5}},"type":"if","locations":[{"start":{"line":86,"column":4},"end":{"line":91,"column":5}},{"start":{},"end":{}}],"line":86},"6":{"loc":{"start":{"line":93,"column":4},"end":{"line":98,"column":5}},"type":"if","locations":[{"start":{"line":93,"column":4},"end":{"line":98,"column":5}},{"start":{},"end":{}}],"line":93},"7":{"loc":{"start":{"line":111,"column":4},"end":{"line":113,"column":5}},"type":"if","locations":[{"start":{"line":111,"column":4},"end":{"line":113,"column":5}},{"start":{},"end":{}}],"line":111},"8":{"loc":{"start":{"line":111,"column":8},"end":{"line":111,"column":48}},"type":"binary-expr","locations":[{"start":{"line":111,"column":8},"end":{"line":111,"column":34}},{"start":{"line":111,"column":38},"end":{"line":111,"column":48}}],"line":111},"9":{"loc":{"start":{"line":115,"column":4},"end":{"line":117,"column":5}},"type":"if","locations":[{"start":{"line":115,"column":4},"end":{"line":117,"column":5}},{"start":{},"end":{}}],"line":115},"10":{"loc":{"start":{"line":115,"column":8},"end":{"line":115,"column":65}},"type":"binary-expr","locations":[{"start":{"line":115,"column":8},"end":{"line":115,"column":54}},{"start":{"line":115,"column":58},"end":{"line":115,"column":65}}],"line":115},"11":{"loc":{"start":{"line":119,"column":4},"end":{"line":130,"column":5}},"type":"if","locations":[{"start":{"line":119,"column":4},"end":{"line":130,"column":5}},{"start":{"line":125,"column":11},"end":{"line":130,"column":5}}],"line":119},"12":{"loc":{"start":{"line":257,"column":6},"end":{"line":260,"column":7}},"type":"if","locations":[{"start":{"line":257,"column":6},"end":{"line":260,"column":7}},{"start":{},"end":{}}],"line":257},"13":{"loc":{"start":{"line":262,"column":6},"end":{"line":265,"column":7}},"type":"if","locations":[{"start":{"line":262,"column":6},"end":{"line":265,"column":7}},{"start":{},"end":{}}],"line":262}},"s":{"0":1,"1":1,"2":1,"3":1,"4":1,"5":1,"6":1,"7":1,"8":1,"9":1,"10":1,"11":0,"12":0,"13":0,"14":0,"15":0,"16":0,"17":0,"18":0,"19":0,"20":0,"21":0,"22":0,"23":0,"24":0,"25":0,"26":0,"27":0,"28":0,"29":0,"30":0,"31":0,"32":0,"33":0,"34":0,"35":0,"36":0,"37":0,"38":0,"39":0,"40":0,"41":0,"42":0,"43":0,"44":0,"45":0,"46":0,"47":0,"48":0,"49":0,"50":0,"51":0,"52":1},"f":{"0":1,"1":0,"2":0,"3":0,"4":0,"5":0,"6":0,"7":0,"8":0,"9":0,"10":0,"11":1},"b":{"0":[0,0],"1":[0,0],"2":[0,0],"3":[0,0],"4":[0,0],"5":[0,0],"6":[0,0],"7":[0,0],"8":[0,0],"9":[0,0],"10":[0,0],"11":[0,0],"12":[0,0],"13":[0,0]},"_coverageSchema":"1a1c01bbd47fc00a2c39e90264f33305004495a9","hash":"c73d11d1f83f298cf091a60a78dcddb8a8b5d83d"}
,"/Users/joshkrebs/FEC/Atelier/client/src/components/overview/parts/addToCart/AddToCart.jsx": {"path":"/Users/joshkrebs/FEC/Atelier/client/src/components/overview/parts/addToCart/AddToCart.jsx","statementMap":{"0":{"start":{"line":7,"column":26},"end":{"line":7,"column":47}},"1":{"start":{"line":9,"column":21},"end":{"line":11,"column":3}},"2":{"start":{"line":10,"column":4},"end":{"line":10,"column":19}},"3":{"start":{"line":13,"column":2},"end":{"line":13,"column":37}},"4":{"start":{"line":15,"column":2},"end":{"line":21,"column":3}},"5":{"start":{"line":16,"column":4},"end":{"line":20,"column":5}},"6":{"start":{"line":23,"column":2},"end":{"line":78,"column":3}},"7":{"start":{"line":25,"column":15},"end":{"line":25,"column":38}},"8":{"start":{"line":26,"column":4},"end":{"line":47,"column":5}},"9":{"start":{"line":31,"column":29},"end":{"line":31,"column":32}},"10":{"start":{"line":33,"column":12},"end":{"line":39,"column":13}},"11":{"start":{"line":34,"column":14},"end":{"line":38,"column":15}},"12":{"start":{"line":35,"column":60},"end":{"line":35,"column":126}},"13":{"start":{"line":48,"column":9},"end":{"line":78,"column":3}},"14":{"start":{"line":49,"column":4},"end":{"line":58,"column":5}},"15":{"start":{"line":60,"column":4},"end":{"line":77,"column":5}}},"fnMap":{"0":{"name":"AddToCart","decl":{"start":{"line":4,"column":9},"end":{"line":4,"column":18}},"loc":{"start":{"line":4,"column":26},"end":{"line":80,"column":1}},"line":4},"1":{"name":"(anonymous_1)","decl":{"start":{"line":9,"column":21},"end":{"line":9,"column":22}},"loc":{"start":{"line":9,"column":27},"end":{"line":11,"column":3}},"line":9},"2":{"name":"(anonymous_2)","decl":{"start":{"line":30,"column":51},"end":{"line":30,"column":52}},"loc":{"start":{"line":30,"column":63},"end":{"line":41,"column":11}},"line":30},"3":{"name":"(anonymous_3)","decl":{"start":{"line":35,"column":54},"end":{"line":35,"column":55}},"loc":{"start":{"line":35,"column":60},"end":{"line":35,"column":126}},"line":35}},"branchMap":{"0":{"loc":{"start":{"line":15,"column":2},"end":{"line":21,"column":3}},"type":"if","locations":[{"start":{"line":15,"column":2},"end":{"line":21,"column":3}},{"start":{},"end":{}}],"line":15},"1":{"loc":{"start":{"line":15,"column":6},"end":{"line":15,"column":77}},"type":"binary-expr","locations":[{"start":{"line":15,"column":6},"end":{"line":15,"column":24}},{"start":{"line":15,"column":28},"end":{"line":15,"column":77}}],"line":15},"2":{"loc":{"start":{"line":23,"column":2},"end":{"line":78,"column":3}},"type":"if","locations":[{"start":{"line":23,"column":2},"end":{"line":78,"column":3}},{"start":{"line":48,"column":9},"end":{"line":78,"column":3}}],"line":23},"3":{"loc":{"start":{"line":23,"column":6},"end":{"line":23,"column":32}},"type":"binary-expr","locations":[{"start":{"line":23,"column":6},"end":{"line":23,"column":10}},{"start":{"line":23,"column":14},"end":{"line":23,"column":32}}],"line":23},"4":{"loc":{"start":{"line":33,"column":12},"end":{"line":39,"column":13}},"type":"if","locations":[{"start":{"line":33,"column":12},"end":{"line":39,"column":13}},{"start":{},"end":{}}],"line":33},"5":{"loc":{"start":{"line":48,"column":9},"end":{"line":78,"column":3}},"type":"if","locations":[{"start":{"line":48,"column":9},"end":{"line":78,"column":3}},{"start":{"line":59,"column":9},"end":{"line":78,"column":3}}],"line":48}},"s":{"0":2,"1":2,"2":0,"3":2,"4":2,"5":0,"6":2,"7":0,"8":0,"9":0,"10":0,"11":0,"12":0,"13":2,"14":0,"15":2},"f":{"0":2,"1":0,"2":0,"3":0},"b":{"0":[0,2],"1":[2,0],"2":[0,2],"3":[2,0],"4":[0,0],"5":[0,2]},"_coverageSchema":"1a1c01bbd47fc00a2c39e90264f33305004495a9","hash":"55dc72a9139c28a9d51c09a5eef6b42685803b4e"}
,"/Users/joshkrebs/FEC/Atelier/client/src/components/overview/parts/addToCart/QuantitySelector.jsx": {"path":"/Users/joshkrebs/FEC/Atelier/client/src/components/overview/parts/addToCart/QuantitySelector.jsx","statementMap":{"0":{"start":{"line":6,"column":26},"end":{"line":6,"column":41}},"1":{"start":{"line":8,"column":21},"end":{"line":10,"column":3}},"2":{"start":{"line":9,"column":4},"end":{"line":9,"column":19}},"3":{"start":{"line":12,"column":28},"end":{"line":15,"column":3}},"4":{"start":{"line":13,"column":4},"end":{"line":13,"column":19}},"5":{"start":{"line":14,"column":4},"end":{"line":14,"column":28}},"6":{"start":{"line":17,"column":2},"end":{"line":17,"column":44}},"7":{"start":{"line":19,"column":2},"end":{"line":60,"column":3}},"8":{"start":{"line":22,"column":4},"end":{"line":27,"column":5}},"9":{"start":{"line":28,"column":9},"end":{"line":60,"column":3}},"10":{"start":{"line":30,"column":6},"end":{"line":42,"column":7}},"11":{"start":{"line":34,"column":14},"end":{"line":38,"column":15}},"12":{"start":{"line":35,"column":72},"end":{"line":35,"column":92}},"13":{"start":{"line":44,"column":9},"end":{"line":60,"column":3}},"14":{"start":{"line":45,"column":4},"end":{"line":50,"column":5}},"15":{"start":{"line":54,"column":4},"end":{"line":59,"column":5}}},"fnMap":{"0":{"name":"QuantitySelector","decl":{"start":{"line":3,"column":9},"end":{"line":3,"column":25}},"loc":{"start":{"line":3,"column":33},"end":{"line":62,"column":1}},"line":3},"1":{"name":"(anonymous_1)","decl":{"start":{"line":8,"column":21},"end":{"line":8,"column":22}},"loc":{"start":{"line":8,"column":27},"end":{"line":10,"column":3}},"line":8},"2":{"name":"(anonymous_2)","decl":{"start":{"line":12,"column":28},"end":{"line":12,"column":29}},"loc":{"start":{"line":12,"column":39},"end":{"line":15,"column":3}},"line":12},"3":{"name":"(anonymous_3)","decl":{"start":{"line":33,"column":46},"end":{"line":33,"column":47}},"loc":{"start":{"line":33,"column":59},"end":{"line":39,"column":13}},"line":33},"4":{"name":"(anonymous_4)","decl":{"start":{"line":35,"column":66},"end":{"line":35,"column":67}},"loc":{"start":{"line":35,"column":72},"end":{"line":35,"column":92}},"line":35}},"branchMap":{"0":{"loc":{"start":{"line":19,"column":2},"end":{"line":60,"column":3}},"type":"if","locations":[{"start":{"line":19,"column":2},"end":{"line":60,"column":3}},{"start":{"line":28,"column":9},"end":{"line":60,"column":3}}],"line":19},"1":{"loc":{"start":{"line":19,"column":6},"end":{"line":19,"column":58}},"type":"binary-expr","locations":[{"start":{"line":19,"column":6},"end":{"line":19,"column":20}},{"start":{"line":19,"column":24},"end":{"line":19,"column":29}},{"start":{"line":19,"column":33},"end":{"line":19,"column":58}}],"line":19},"2":{"loc":{"start":{"line":28,"column":9},"end":{"line":60,"column":3}},"type":"if","locations":[{"start":{"line":28,"column":9},"end":{"line":60,"column":3}},{"start":{"line":44,"column":9},"end":{"line":60,"column":3}}],"line":28},"3":{"loc":{"start":{"line":28,"column":13},"end":{"line":28,"column":35}},"type":"binary-expr","locations":[{"start":{"line":28,"column":13},"end":{"line":28,"column":27}},{"start":{"line":28,"column":31},"end":{"line":28,"column":35}}],"line":28},"4":{"loc":{"start":{"line":44,"column":9},"end":{"line":60,"column":3}},"type":"if","locations":[{"start":{"line":44,"column":9},"end":{"line":60,"column":3}},{"start":{"line":53,"column":7},"end":{"line":60,"column":3}}],"line":44},"5":{"loc":{"start":{"line":44,"column":13},"end":{"line":44,"column":63}},"type":"binary-expr","locations":[{"start":{"line":44,"column":13},"end":{"line":44,"column":18}},{"start":{"line":44,"column":22},"end":{"line":44,"column":36}},{"start":{"line":44,"column":40},"end":{"line":44,"column":63}}],"line":44}},"s":{"0":2,"1":2,"2":0,"3":2,"4":0,"5":0,"6":2,"7":2,"8":0,"9":2,"10":0,"11":0,"12":0,"13":2,"14":0,"15":2},"f":{"0":2,"1":0,"2":0,"3":0,"4":0},"b":{"0":[0,2],"1":[2,0,0],"2":[0,2],"3":[2,0],"4":[0,2],"5":[2,2,0]},"_coverageSchema":"1a1c01bbd47fc00a2c39e90264f33305004495a9","hash":"70f97976654e867c17be54b778e3ea40933a55ff"}
,"/Users/joshkrebs/FEC/Atelier/client/src/components/overview/parts/imageGallery/ImageGallery.jsx": {"path":"/Users/joshkrebs/FEC/Atelier/client/src/components/overview/parts/imageGallery/ImageGallery.jsx","statementMap":{"0":{"start":{"line":10,"column":4},"end":{"line":10,"column":16}},"1":{"start":{"line":12,"column":4},"end":{"line":12,"column":50}},"2":{"start":{"line":17,"column":4},"end":{"line":17,"column":30}},"3":{"start":{"line":19,"column":4},"end":{"line":19,"column":42}},"4":{"start":{"line":25,"column":4},"end":{"line":111,"column":5}},"5":{"start":{"line":27,"column":18},"end":{"line":27,"column":43}},"6":{"start":{"line":29,"column":6},"end":{"line":86,"column":7}},"7":{"start":{"line":30,"column":8},"end":{"line":47,"column":9}},"8":{"start":{"line":42,"column":62},"end":{"line":42,"column":81}},"9":{"start":{"line":48,"column":13},"end":{"line":86,"column":7}},"10":{"start":{"line":49,"column":8},"end":{"line":66,"column":9}},"11":{"start":{"line":60,"column":63},"end":{"line":60,"column":83}},"12":{"start":{"line":68,"column":8},"end":{"line":85,"column":9}},"13":{"start":{"line":79,"column":63},"end":{"line":79,"column":83}},"14":{"start":{"line":80,"column":62},"end":{"line":80,"column":81}},"15":{"start":{"line":88,"column":11},"end":{"line":111,"column":5}},"16":{"start":{"line":89,"column":18},"end":{"line":89,"column":43}},"17":{"start":{"line":92,"column":6},"end":{"line":107,"column":7}},"18":{"start":{"line":102,"column":65},"end":{"line":102,"column":89}},"19":{"start":{"line":103,"column":64},"end":{"line":103,"column":87}},"20":{"start":{"line":105,"column":33},"end":{"line":105,"column":58}},"21":{"start":{"line":110,"column":6},"end":{"line":110,"column":18}}},"fnMap":{"0":{"name":"(anonymous_0)","decl":{"start":{"line":9,"column":2},"end":{"line":9,"column":3}},"loc":{"start":{"line":9,"column":21},"end":{"line":13,"column":3}},"line":9},"1":{"name":"(anonymous_1)","decl":{"start":{"line":15,"column":2},"end":{"line":15,"column":3}},"loc":{"start":{"line":15,"column":19},"end":{"line":20,"column":3}},"line":15},"2":{"name":"(anonymous_2)","decl":{"start":{"line":23,"column":2},"end":{"line":23,"column":3}},"loc":{"start":{"line":23,"column":11},"end":{"line":112,"column":3}},"line":23},"3":{"name":"(anonymous_3)","decl":{"start":{"line":42,"column":56},"end":{"line":42,"column":57}},"loc":{"start":{"line":42,"column":62},"end":{"line":42,"column":81}},"line":42},"4":{"name":"(anonymous_4)","decl":{"start":{"line":60,"column":57},"end":{"line":60,"column":58}},"loc":{"start":{"line":60,"column":63},"end":{"line":60,"column":83}},"line":60},"5":{"name":"(anonymous_5)","decl":{"start":{"line":79,"column":57},"end":{"line":79,"column":58}},"loc":{"start":{"line":79,"column":63},"end":{"line":79,"column":83}},"line":79},"6":{"name":"(anonymous_6)","decl":{"start":{"line":80,"column":56},"end":{"line":80,"column":57}},"loc":{"start":{"line":80,"column":62},"end":{"line":80,"column":81}},"line":80},"7":{"name":"(anonymous_7)","decl":{"start":{"line":102,"column":59},"end":{"line":102,"column":60}},"loc":{"start":{"line":102,"column":65},"end":{"line":102,"column":89}},"line":102},"8":{"name":"(anonymous_8)","decl":{"start":{"line":103,"column":58},"end":{"line":103,"column":59}},"loc":{"start":{"line":103,"column":64},"end":{"line":103,"column":87}},"line":103},"9":{"name":"(anonymous_9)","decl":{"start":{"line":105,"column":27},"end":{"line":105,"column":28}},"loc":{"start":{"line":105,"column":33},"end":{"line":105,"column":58}},"line":105}},"branchMap":{"0":{"loc":{"start":{"line":25,"column":4},"end":{"line":111,"column":5}},"type":"if","locations":[{"start":{"line":25,"column":4},"end":{"line":111,"column":5}},{"start":{"line":88,"column":11},"end":{"line":111,"column":5}}],"line":25},"1":{"loc":{"start":{"line":25,"column":8},"end":{"line":25,"column":72}},"type":"binary-expr","locations":[{"start":{"line":25,"column":8},"end":{"line":25,"column":43}},{"start":{"line":25,"column":47},"end":{"line":25,"column":72}}],"line":25},"2":{"loc":{"start":{"line":29,"column":6},"end":{"line":86,"column":7}},"type":"if","locations":[{"start":{"line":29,"column":6},"end":{"line":86,"column":7}},{"start":{"line":48,"column":13},"end":{"line":86,"column":7}}],"line":29},"3":{"loc":{"start":{"line":48,"column":13},"end":{"line":86,"column":7}},"type":"if","locations":[{"start":{"line":48,"column":13},"end":{"line":86,"column":7}},{"start":{"line":67,"column":13},"end":{"line":86,"column":7}}],"line":48},"4":{"loc":{"start":{"line":88,"column":11},"end":{"line":111,"column":5}},"type":"if","locations":[{"start":{"line":88,"column":11},"end":{"line":111,"column":5}},{"start":{"line":108,"column":11},"end":{"line":111,"column":5}}],"line":88}},"s":{"0":9,"1":9,"2":0,"3":0,"4":9,"5":0,"6":0,"7":0,"8":0,"9":0,"10":0,"11":0,"12":0,"13":0,"14":0,"15":1,"16":0,"17":0,"18":0,"19":0,"20":0,"21":1},"f":{"0":9,"1":0,"2":9,"3":0,"4":0,"5":0,"6":0,"7":0,"8":0,"9":0},"b":{"0":[0,1],"1":[9,0],"2":[0,0],"3":[0,0],"4":[0,1]},"_coverageSchema":"1a1c01bbd47fc00a2c39e90264f33305004495a9","hash":"9ed0cc64edb02ad570e5ce9e1cb32e6f860b2894"}
,"/Users/joshkrebs/FEC/Atelier/client/src/components/overview/parts/imageGallery/Thumbnails.jsx": {"path":"/Users/joshkrebs/FEC/Atelier/client/src/components/overview/parts/imageGallery/Thumbnails.jsx","statementMap":{"0":{"start":{"line":5,"column":4},"end":{"line":5,"column":16}},"1":{"start":{"line":7,"column":4},"end":{"line":9,"column":5}},"2":{"start":{"line":11,"column":4},"end":{"line":11,"column":51}},"3":{"start":{"line":12,"column":4},"end":{"line":12,"column":41}},"4":{"start":{"line":13,"column":4},"end":{"line":13,"column":61}},"5":{"start":{"line":22,"column":4},"end":{"line":22,"column":44}},"6":{"start":{"line":26,"column":4},"end":{"line":28,"column":5}},"7":{"start":{"line":27,"column":6},"end":{"line":27,"column":13}},"8":{"start":{"line":29,"column":4},"end":{"line":31,"column":5}},"9":{"start":{"line":30,"column":6},"end":{"line":30,"column":13}},"10":{"start":{"line":33,"column":4},"end":{"line":35,"column":6}},"11":{"start":{"line":41,"column":4},"end":{"line":48,"column":5}},"12":{"start":{"line":43,"column":6},"end":{"line":47,"column":7}},"13":{"start":{"line":50,"column":25},"end":{"line":50,"column":87}},"14":{"start":{"line":55,"column":6},"end":{"line":85,"column":7}},"15":{"start":{"line":61,"column":14},"end":{"line":67,"column":15}},"16":{"start":{"line":62,"column":16},"end":{"line":66,"column":17}},"17":{"start":{"line":63,"column":69},"end":{"line":63,"column":106}},"18":{"start":{"line":68,"column":14},"end":{"line":72,"column":15}},"19":{"start":{"line":69,"column":58},"end":{"line":69,"column":95}},"20":{"start":{"line":79,"column":69},"end":{"line":79,"column":106}},"21":{"start":{"line":80,"column":68},"end":{"line":80,"column":104}},"22":{"start":{"line":87,"column":6},"end":{"line":91,"column":7}}},"fnMap":{"0":{"name":"(anonymous_0)","decl":{"start":{"line":4,"column":2},"end":{"line":4,"column":3}},"loc":{"start":{"line":4,"column":21},"end":{"line":15,"column":3}},"line":4},"1":{"name":"(anonymous_1)","decl":{"start":{"line":17,"column":2},"end":{"line":17,"column":3}},"loc":{"start":{"line":17,"column":26},"end":{"line":19,"column":3}},"line":17},"2":{"name":"(anonymous_2)","decl":{"start":{"line":21,"column":2},"end":{"line":21,"column":3}},"loc":{"start":{"line":21,"column":29},"end":{"line":23,"column":3}},"line":21},"3":{"name":"(anonymous_3)","decl":{"start":{"line":25,"column":2},"end":{"line":25,"column":3}},"loc":{"start":{"line":25,"column":14},"end":{"line":36,"column":3}},"line":25},"4":{"name":"(anonymous_4)","decl":{"start":{"line":39,"column":2},"end":{"line":39,"column":3}},"loc":{"start":{"line":39,"column":11},"end":{"line":93,"column":5}},"line":39},"5":{"name":"(anonymous_5)","decl":{"start":{"line":58,"column":31},"end":{"line":58,"column":32}},"loc":{"start":{"line":58,"column":45},"end":{"line":75,"column":13}},"line":58},"6":{"name":"(anonymous_6)","decl":{"start":{"line":63,"column":63},"end":{"line":63,"column":64}},"loc":{"start":{"line":63,"column":69},"end":{"line":63,"column":106}},"line":63},"7":{"name":"(anonymous_7)","decl":{"start":{"line":69,"column":52},"end":{"line":69,"column":53}},"loc":{"start":{"line":69,"column":58},"end":{"line":69,"column":95}},"line":69},"8":{"name":"(anonymous_8)","decl":{"start":{"line":79,"column":63},"end":{"line":79,"column":64}},"loc":{"start":{"line":79,"column":69},"end":{"line":79,"column":106}},"line":79},"9":{"name":"(anonymous_9)","decl":{"start":{"line":80,"column":62},"end":{"line":80,"column":63}},"loc":{"start":{"line":80,"column":68},"end":{"line":80,"column":104}},"line":80}},"branchMap":{"0":{"loc":{"start":{"line":26,"column":4},"end":{"line":28,"column":5}},"type":"if","locations":[{"start":{"line":26,"column":4},"end":{"line":28,"column":5}},{"start":{},"end":{}}],"line":26},"1":{"loc":{"start":{"line":26,"column":8},"end":{"line":26,"column":51}},"type":"binary-expr","locations":[{"start":{"line":26,"column":8},"end":{"line":26,"column":37}},{"start":{"line":26,"column":41},"end":{"line":26,"column":51}}],"line":26},"2":{"loc":{"start":{"line":29,"column":4},"end":{"line":31,"column":5}},"type":"if","locations":[{"start":{"line":29,"column":4},"end":{"line":31,"column":5}},{"start":{},"end":{}}],"line":29},"3":{"loc":{"start":{"line":29,"column":8},"end":{"line":29,"column":50}},"type":"binary-expr","locations":[{"start":{"line":29,"column":8},"end":{"line":29,"column":37}},{"start":{"line":29,"column":41},"end":{"line":29,"column":50}}],"line":29},"4":{"loc":{"start":{"line":41,"column":4},"end":{"line":48,"column":5}},"type":"if","locations":[{"start":{"line":41,"column":4},"end":{"line":48,"column":5}},{"start":{},"end":{}}],"line":41},"5":{"loc":{"start":{"line":61,"column":14},"end":{"line":67,"column":15}},"type":"if","locations":[{"start":{"line":61,"column":14},"end":{"line":67,"column":15}},{"start":{},"end":{}}],"line":61}},"s":{"0":0,"1":0,"2":0,"3":0,"4":0,"5":0,"6":0,"7":0,"8":0,"9":0,"10":0,"11":0,"12":0,"13":0,"14":0,"15":0,"16":0,"17":0,"18":0,"19":0,"20":0,"21":0,"22":0},"f":{"0":0,"1":0,"2":0,"3":0,"4":0,"5":0,"6":0,"7":0,"8":0,"9":0},"b":{"0":[0,0],"1":[0,0],"2":[0,0],"3":[0,0],"4":[0,0],"5":[0,0]},"_coverageSchema":"1a1c01bbd47fc00a2c39e90264f33305004495a9","hash":"2c818f142204b09e308442b662e622cd82b5b450"}
,"/Users/joshkrebs/FEC/Atelier/client/src/components/overview/parts/imageGallery/views/DefaultView.jsx": {"path":"/Users/joshkrebs/FEC/Atelier/client/src/components/overview/parts/imageGallery/views/DefaultView.jsx","statementMap":{"0":{"start":{"line":10,"column":2},"end":{"line":24,"column":3}},"1":{"start":{"line":11,"column":4},"end":{"line":15,"column":5}},"2":{"start":{"line":18,"column":4},"end":{"line":23,"column":5}},"3":{"start":{"line":21,"column":86},"end":{"line":21,"column":100}}},"fnMap":{"0":{"name":"DefaultView","decl":{"start":{"line":5,"column":9},"end":{"line":5,"column":20}},"loc":{"start":{"line":5,"column":29},"end":{"line":27,"column":1}},"line":5},"1":{"name":"(anonymous_1)","decl":{"start":{"line":21,"column":80},"end":{"line":21,"column":81}},"loc":{"start":{"line":21,"column":86},"end":{"line":21,"column":100}},"line":21}},"branchMap":{"0":{"loc":{"start":{"line":10,"column":2},"end":{"line":24,"column":3}},"type":"if","locations":[{"start":{"line":10,"column":2},"end":{"line":24,"column":3}},{"start":{"line":16,"column":9},"end":{"line":24,"column":3}}],"line":10}},"s":{"0":0,"1":0,"2":0,"3":0},"f":{"0":0,"1":0},"b":{"0":[0,0]},"_coverageSchema":"1a1c01bbd47fc00a2c39e90264f33305004495a9","hash":"4709f79ea890250901311e056a58b34a997c10c6"}
,"/Users/joshkrebs/FEC/Atelier/client/src/components/overview/parts/imageGallery/views/ExpandedView.jsx": {"path":"/Users/joshkrebs/FEC/Atelier/client/src/components/overview/parts/imageGallery/views/ExpandedView.jsx","statementMap":{"0":{"start":{"line":6,"column":2},"end":{"line":20,"column":3}},"1":{"start":{"line":7,"column":4},"end":{"line":11,"column":5}},"2":{"start":{"line":14,"column":4},"end":{"line":19,"column":5}},"3":{"start":{"line":17,"column":87},"end":{"line":17,"column":101}}},"fnMap":{"0":{"name":"ExpandedView","decl":{"start":{"line":3,"column":9},"end":{"line":3,"column":21}},"loc":{"start":{"line":3,"column":30},"end":{"line":22,"column":1}},"line":3},"1":{"name":"(anonymous_1)","decl":{"start":{"line":17,"column":81},"end":{"line":17,"column":82}},"loc":{"start":{"line":17,"column":87},"end":{"line":17,"column":101}},"line":17}},"branchMap":{"0":{"loc":{"start":{"line":6,"column":2},"end":{"line":20,"column":3}},"type":"if","locations":[{"start":{"line":6,"column":2},"end":{"line":20,"column":3}},{"start":{"line":12,"column":9},"end":{"line":20,"column":3}}],"line":6}},"s":{"0":0,"1":0,"2":0,"3":0},"f":{"0":0,"1":0},"b":{"0":[0,0]},"_coverageSchema":"1a1c01bbd47fc00a2c39e90264f33305004495a9","hash":"d0740a41b9a2e714b0f4e0bcdaa13c2c224e647d"}
,"/Users/joshkrebs/FEC/Atelier/client/src/components/overview/parts/productInfo/ProductInfo.jsx": {"path":"/Users/joshkrebs/FEC/Atelier/client/src/components/overview/parts/productInfo/ProductInfo.jsx","statementMap":{"0":{"start":{"line":5,"column":2},"end":{"line":43,"column":3}},"1":{"start":{"line":6,"column":4},"end":{"line":14,"column":5}},"2":{"start":{"line":15,"column":9},"end":{"line":43,"column":3}},"3":{"start":{"line":19,"column":4},"end":{"line":30,"column":5}},"4":{"start":{"line":33,"column":4},"end":{"line":41,"column":5}}},"fnMap":{"0":{"name":"ProductInfo","decl":{"start":{"line":3,"column":9},"end":{"line":3,"column":20}},"loc":{"start":{"line":3,"column":28},"end":{"line":45,"column":1}},"line":3}},"branchMap":{"0":{"loc":{"start":{"line":5,"column":2},"end":{"line":43,"column":3}},"type":"if","locations":[{"start":{"line":5,"column":2},"end":{"line":43,"column":3}},{"start":{"line":15,"column":9},"end":{"line":43,"column":3}}],"line":5},"1":{"loc":{"start":{"line":15,"column":9},"end":{"line":43,"column":3}},"type":"if","locations":[{"start":{"line":15,"column":9},"end":{"line":43,"column":3}},{"start":{"line":32,"column":7},"end":{"line":43,"column":3}}],"line":15},"2":{"loc":{"start":{"line":15,"column":13},"end":{"line":15,"column":56}},"type":"binary-expr","locations":[{"start":{"line":15,"column":13},"end":{"line":15,"column":41}},{"start":{"line":15,"column":45},"end":{"line":15,"column":56}}],"line":15}},"s":{"0":2,"1":1,"2":1,"3":0,"4":1},"f":{"0":2},"b":{"0":[1,1],"1":[0,1],"2":[1,0]},"_coverageSchema":"1a1c01bbd47fc00a2c39e90264f33305004495a9","hash":"ac1bb8d065fee1938c60464c116949eb3f008314"}
,"/Users/joshkrebs/FEC/Atelier/client/src/components/overview/parts/styleSelector/StyleSelector.jsx": {"path":"/Users/joshkrebs/FEC/Atelier/client/src/components/overview/parts/styleSelector/StyleSelector.jsx","statementMap":{"0":{"start":{"line":9,"column":2},"end":{"line":42,"column":3}},"1":{"start":{"line":11,"column":4},"end":{"line":38,"column":5}},"2":{"start":{"line":20,"column":18},"end":{"line":32,"column":19}},"3":{"start":{"line":21,"column":20},"end":{"line":25,"column":21}},"4":{"start":{"line":22,"column":85},"end":{"line":22,"column":109}},"5":{"start":{"line":27,"column":20},"end":{"line":31,"column":21}},"6":{"start":{"line":28,"column":76},"end":{"line":28,"column":100}},"7":{"start":{"line":41,"column":4},"end":{"line":41,"column":16}}},"fnMap":{"0":{"name":"StyleSelector","decl":{"start":{"line":3,"column":9},"end":{"line":3,"column":22}},"loc":{"start":{"line":3,"column":30},"end":{"line":43,"column":1}},"line":3},"1":{"name":"(anonymous_1)","decl":{"start":{"line":18,"column":41},"end":{"line":18,"column":42}},"loc":{"start":{"line":18,"column":55},"end":{"line":33,"column":17}},"line":18},"2":{"name":"(anonymous_2)","decl":{"start":{"line":22,"column":79},"end":{"line":22,"column":80}},"loc":{"start":{"line":22,"column":85},"end":{"line":22,"column":109}},"line":22},"3":{"name":"(anonymous_3)","decl":{"start":{"line":28,"column":70},"end":{"line":28,"column":71}},"loc":{"start":{"line":28,"column":76},"end":{"line":28,"column":100}},"line":28}},"branchMap":{"0":{"loc":{"start":{"line":9,"column":2},"end":{"line":42,"column":3}},"type":"if","locations":[{"start":{"line":9,"column":2},"end":{"line":42,"column":3}},{"start":{"line":40,"column":9},"end":{"line":42,"column":3}}],"line":9},"1":{"loc":{"start":{"line":20,"column":18},"end":{"line":32,"column":19}},"type":"if","locations":[{"start":{"line":20,"column":18},"end":{"line":32,"column":19}},{"start":{"line":26,"column":25},"end":{"line":32,"column":19}}],"line":20}},"s":{"0":1,"1":0,"2":0,"3":0,"4":0,"5":0,"6":0,"7":1},"f":{"0":1,"1":0,"2":0,"3":0},"b":{"0":[0,1],"1":[0,0]},"_coverageSchema":"1a1c01bbd47fc00a2c39e90264f33305004495a9","hash":"c2f62c7bc3ac23c8b9cdb52dee86246bb158b7c5"}
}
