{"/Users/saikitJK/HackReactor/Atelier/client/src/components/rating_review/ratingReview.jsx": {"path":"/Users/saikitJK/HackReactor/Atelier/client/src/components/rating_review/ratingReview.jsx","statementMap":{"0":{"start":{"line":9,"column":4},"end":{"line":9,"column":16}},"1":{"start":{"line":10,"column":4},"end":{"line":16,"column":5}},"2":{"start":{"line":21,"column":4},"end":{"line":21,"column":49}},"3":{"start":{"line":22,"column":4},"end":{"line":22,"column":49}},"4":{"start":{"line":28,"column":14},"end":{"line":28,"column":50}},"5":{"start":{"line":30,"column":24},"end":{"line":40,"column":5}},"6":{"start":{"line":41,"column":4},"end":{"line":54,"column":8}},"7":{"start":{"line":43,"column":8},"end":{"line":49,"column":9}},"8":{"start":{"line":44,"column":10},"end":{"line":44,"column":42}},"9":{"start":{"line":46,"column":10},"end":{"line":48,"column":12}},"10":{"start":{"line":53,"column":8},"end":{"line":53,"column":51}},"11":{"start":{"line":57,"column":22},"end":{"line":79,"column":3}},"12":{"start":{"line":58,"column":14},"end":{"line":58,"column":59}},"13":{"start":{"line":60,"column":24},"end":{"line":68,"column":5}},"14":{"start":{"line":69,"column":4},"end":{"line":78,"column":5}},"15":{"start":{"line":70,"column":16},"end":{"line":70,"column":51}},"16":{"start":{"line":72,"column":6},"end":{"line":74,"column":7}},"17":{"start":{"line":73,"column":8},"end":{"line":73,"column":40}},"18":{"start":{"line":75,"column":6},"end":{"line":75,"column":43}},"19":{"start":{"line":77,"column":6},"end":{"line":77,"column":49}},"20":{"start":{"line":83,"column":4},"end":{"line":83,"column":27}},"21":{"start":{"line":84,"column":4},"end":{"line":86,"column":5}},"22":{"start":{"line":85,"column":6},"end":{"line":85,"column":29}},"23":{"start":{"line":87,"column":4},"end":{"line":94,"column":5}},"24":{"start":{"line":88,"column":6},"end":{"line":92,"column":8}},"25":{"start":{"line":91,"column":8},"end":{"line":91,"column":53}},"26":{"start":{"line":101,"column":4},"end":{"line":113,"column":5}}},"fnMap":{"0":{"name":"(anonymous_0)","decl":{"start":{"line":8,"column":2},"end":{"line":8,"column":3}},"loc":{"start":{"line":8,"column":21},"end":{"line":18,"column":3}},"line":8},"1":{"name":"(anonymous_1)","decl":{"start":{"line":20,"column":2},"end":{"line":20,"column":3}},"loc":{"start":{"line":20,"column":22},"end":{"line":23,"column":3}},"line":20},"2":{"name":"(anonymous_2)","decl":{"start":{"line":27,"column":2},"end":{"line":27,"column":3}},"loc":{"start":{"line":27,"column":32},"end":{"line":55,"column":3}},"line":27},"3":{"name":"(anonymous_3)","decl":{"start":{"line":42,"column":12},"end":{"line":42,"column":13}},"loc":{"start":{"line":42,"column":19},"end":{"line":51,"column":7}},"line":42},"4":{"name":"(anonymous_4)","decl":{"start":{"line":52,"column":13},"end":{"line":52,"column":14}},"loc":{"start":{"line":52,"column":20},"end":{"line":54,"column":7}},"line":52},"5":{"name":"(anonymous_5)","decl":{"start":{"line":57,"column":22},"end":{"line":57,"column":23}},"loc":{"start":{"line":57,"column":44},"end":{"line":79,"column":3}},"line":57},"6":{"name":"(anonymous_6)","decl":{"start":{"line":82,"column":2},"end":{"line":82,"column":3}},"loc":{"start":{"line":82,"column":31},"end":{"line":96,"column":3}},"line":82},"7":{"name":"(anonymous_7)","decl":{"start":{"line":90,"column":9},"end":{"line":90,"column":10}},"loc":{"start":{"line":90,"column":15},"end":{"line":92,"column":7}},"line":90},"8":{"name":"(anonymous_8)","decl":{"start":{"line":100,"column":2},"end":{"line":100,"column":3}},"loc":{"start":{"line":100,"column":11},"end":{"line":114,"column":3}},"line":100}},"branchMap":{"0":{"loc":{"start":{"line":11,"column":18},"end":{"line":11,"column":43}},"type":"binary-expr","locations":[{"start":{"line":11,"column":18},"end":{"line":11,"column":34}},{"start":{"line":11,"column":38},"end":{"line":11,"column":43}}],"line":11},"1":{"loc":{"start":{"line":43,"column":8},"end":{"line":49,"column":9}},"type":"if","locations":[{"start":{"line":43,"column":8},"end":{"line":49,"column":9}},{"start":{"line":45,"column":15},"end":{"line":49,"column":9}}],"line":43},"2":{"loc":{"start":{"line":72,"column":6},"end":{"line":74,"column":7}},"type":"if","locations":[{"start":{"line":72,"column":6},"end":{"line":74,"column":7}},{"start":{},"end":{}}],"line":72},"3":{"loc":{"start":{"line":84,"column":4},"end":{"line":86,"column":5}},"type":"if","locations":[{"start":{"line":84,"column":4},"end":{"line":86,"column":5}},{"start":{},"end":{}}],"line":84},"4":{"loc":{"start":{"line":87,"column":4},"end":{"line":94,"column":5}},"type":"if","locations":[{"start":{"line":87,"column":4},"end":{"line":94,"column":5}},{"start":{},"end":{}}],"line":87}},"s":{"0":1,"1":1,"2":1,"3":1,"4":1,"5":1,"6":1,"7":0,"8":0,"9":0,"10":1,"11":1,"12":1,"13":1,"14":1,"15":1,"16":0,"17":0,"18":0,"19":1,"20":0,"21":0,"22":0,"23":0,"24":0,"25":0,"26":1},"f":{"0":1,"1":1,"2":1,"3":0,"4":1,"5":1,"6":0,"7":0,"8":1},"b":{"0":[1,1],"1":[0,0],"2":[0,0],"3":[0,0],"4":[0,0]},"_coverageSchema":"1a1c01bbd47fc00a2c39e90264f33305004495a9","hash":"21ec1dbf3ee2aebc1caec35cc9c7da534ecc120e"}
,"/Users/saikitJK/HackReactor/Atelier/client/src/components/rating_review/reviewItem.jsx": {"path":"/Users/saikitJK/HackReactor/Atelier/client/src/components/rating_review/reviewItem.jsx","statementMap":{"0":{"start":{"line":5,"column":19},"end":{"line":95,"column":1}},"1":{"start":{"line":6,"column":28},"end":{"line":6,"column":30}},"2":{"start":{"line":7,"column":25},"end":{"line":7,"column":28}},"3":{"start":{"line":8,"column":25},"end":{"line":8,"column":58}},"4":{"start":{"line":9,"column":19},"end":{"line":13,"column":3}},"5":{"start":{"line":14,"column":17},"end":{"line":14,"column":88}},"6":{"start":{"line":18,"column":46},"end":{"line":18,"column":64}},"7":{"start":{"line":19,"column":42},"end":{"line":19,"column":68}},"8":{"start":{"line":20,"column":40},"end":{"line":20,"column":54}},"9":{"start":{"line":21,"column":34},"end":{"line":21,"column":48}},"10":{"start":{"line":22,"column":32},"end":{"line":22,"column":47}},"11":{"start":{"line":24,"column":2},"end":{"line":37,"column":8}},"12":{"start":{"line":25,"column":4},"end":{"line":27,"column":5}},"13":{"start":{"line":26,"column":6},"end":{"line":26,"column":88}},"14":{"start":{"line":29,"column":4},"end":{"line":32,"column":5}},"15":{"start":{"line":30,"column":6},"end":{"line":30,"column":65}},"16":{"start":{"line":31,"column":6},"end":{"line":31,"column":79}},"17":{"start":{"line":34,"column":4},"end":{"line":36,"column":5}},"18":{"start":{"line":35,"column":6},"end":{"line":35,"column":22}},"19":{"start":{"line":39,"column":25},"end":{"line":41,"column":3}},"20":{"start":{"line":40,"column":4},"end":{"line":40,"column":24}},"21":{"start":{"line":43,"column":22},"end":{"line":50,"column":3}},"22":{"start":{"line":44,"column":4},"end":{"line":48,"column":5}},"23":{"start":{"line":45,"column":6},"end":{"line":45,"column":39}},"24":{"start":{"line":47,"column":6},"end":{"line":47,"column":39}},"25":{"start":{"line":57,"column":2},"end":{"line":93,"column":3}},"26":{"start":{"line":77,"column":95},"end":{"line":77,"column":111}},"27":{"start":{"line":78,"column":182},"end":{"line":78,"column":198}},"28":{"start":{"line":87,"column":125},"end":{"line":87,"column":138}},"29":{"start":{"line":87,"column":252},"end":{"line":87,"column":266}}},"fnMap":{"0":{"name":"(anonymous_0)","decl":{"start":{"line":5,"column":19},"end":{"line":5,"column":20}},"loc":{"start":{"line":5,"column":30},"end":{"line":95,"column":1}},"line":5},"1":{"name":"(anonymous_1)","decl":{"start":{"line":24,"column":12},"end":{"line":24,"column":13}},"loc":{"start":{"line":24,"column":18},"end":{"line":37,"column":3}},"line":24},"2":{"name":"(anonymous_2)","decl":{"start":{"line":39,"column":25},"end":{"line":39,"column":26}},"loc":{"start":{"line":39,"column":31},"end":{"line":41,"column":3}},"line":39},"3":{"name":"(anonymous_3)","decl":{"start":{"line":43,"column":22},"end":{"line":43,"column":23}},"loc":{"start":{"line":43,"column":28},"end":{"line":50,"column":3}},"line":43},"4":{"name":"(anonymous_4)","decl":{"start":{"line":77,"column":87},"end":{"line":77,"column":88}},"loc":{"start":{"line":77,"column":93},"end":{"line":77,"column":113}},"line":77},"5":{"name":"(anonymous_5)","decl":{"start":{"line":78,"column":174},"end":{"line":78,"column":175}},"loc":{"start":{"line":78,"column":180},"end":{"line":78,"column":200}},"line":78},"6":{"name":"(anonymous_6)","decl":{"start":{"line":87,"column":117},"end":{"line":87,"column":118}},"loc":{"start":{"line":87,"column":123},"end":{"line":87,"column":140}},"line":87},"7":{"name":"(anonymous_7)","decl":{"start":{"line":87,"column":244},"end":{"line":87,"column":245}},"loc":{"start":{"line":87,"column":250},"end":{"line":87,"column":268}},"line":87}},"branchMap":{"0":{"loc":{"start":{"line":8,"column":25},"end":{"line":8,"column":58}},"type":"binary-expr","locations":[{"start":{"line":8,"column":25},"end":{"line":8,"column":53}},{"start":{"line":8,"column":57},"end":{"line":8,"column":58}}],"line":8},"1":{"loc":{"start":{"line":25,"column":4},"end":{"line":27,"column":5}},"type":"if","locations":[{"start":{"line":25,"column":4},"end":{"line":27,"column":5}},{"start":{},"end":{}}],"line":25},"2":{"loc":{"start":{"line":29,"column":4},"end":{"line":32,"column":5}},"type":"if","locations":[{"start":{"line":29,"column":4},"end":{"line":32,"column":5}},{"start":{},"end":{}}],"line":29},"3":{"loc":{"start":{"line":34,"column":4},"end":{"line":36,"column":5}},"type":"if","locations":[{"start":{"line":34,"column":4},"end":{"line":36,"column":5}},{"start":{},"end":{}}],"line":34},"4":{"loc":{"start":{"line":44,"column":4},"end":{"line":48,"column":5}},"type":"if","locations":[{"start":{"line":44,"column":4},"end":{"line":48,"column":5}},{"start":{"line":46,"column":11},"end":{"line":48,"column":5}}],"line":44},"5":{"loc":{"start":{"line":69,"column":9},"end":{"line":70,"column":105}},"type":"cond-expr","locations":[{"start":{"line":70,"column":10},"end":{"line":70,"column":78}},{"start":{"line":70,"column":81},"end":{"line":70,"column":105}}],"line":69},"6":{"loc":{"start":{"line":73,"column":9},"end":{"line":78,"column":231}},"type":"cond-expr","locations":[{"start":{"line":74,"column":10},"end":{"line":78,"column":16}},{"start":{"line":78,"column":19},"end":{"line":78,"column":231}}],"line":73},"7":{"loc":{"start":{"line":76,"column":13},"end":{"line":76,"column":114}},"type":"cond-expr","locations":[{"start":{"line":76,"column":52},"end":{"line":76,"column":107}},{"start":{"line":76,"column":110},"end":{"line":76,"column":114}}],"line":76},"8":{"loc":{"start":{"line":82,"column":9},"end":{"line":82,"column":130}},"type":"cond-expr","locations":[{"start":{"line":82,"column":38},"end":{"line":82,"column":123}},{"start":{"line":82,"column":126},"end":{"line":82,"column":130}}],"line":82},"9":{"loc":{"start":{"line":83,"column":9},"end":{"line":83,"column":201}},"type":"cond-expr","locations":[{"start":{"line":83,"column":46},"end":{"line":83,"column":194}},{"start":{"line":83,"column":197},"end":{"line":83,"column":201}}],"line":83},"10":{"loc":{"start":{"line":83,"column":49},"end":{"line":83,"column":190}},"type":"cond-expr","locations":[{"start":{"line":83,"column":90},"end":{"line":83,"column":183}},{"start":{"line":83,"column":186},"end":{"line":83,"column":190}}],"line":83}},"s":{"0":1,"1":31,"2":31,"3":31,"4":31,"5":31,"6":31,"7":31,"8":31,"9":31,"10":31,"11":31,"12":13,"13":5,"14":13,"15":5,"16":5,"17":13,"18":8,"19":31,"20":2,"21":31,"22":3,"23":1,"24":2,"25":31,"26":1,"27":1,"28":3,"29":0},"f":{"0":31,"1":13,"2":2,"3":3,"4":1,"5":1,"6":3,"7":0},"b":{"0":[31,4],"1":[5,8],"2":[5,8],"3":[8,5],"4":[1,2],"5":[19,12],"6":[12,19],"7":[8,4],"8":[18,13],"9":[29,2],"10":[6,23]},"_coverageSchema":"1a1c01bbd47fc00a2c39e90264f33305004495a9","hash":"74f5ba8663327bfa4912cd8976ae6d0bff194e5e"}
,"/Users/saikitJK/HackReactor/Atelier/client/src/components/rating_review/reviewList.jsx": {"path":"/Users/saikitJK/HackReactor/Atelier/client/src/components/rating_review/reviewList.jsx","statementMap":{"0":{"start":{"line":8,"column":4},"end":{"line":8,"column":16}},"1":{"start":{"line":9,"column":4},"end":{"line":16,"column":5}},"2":{"start":{"line":28,"column":4},"end":{"line":39,"column":5}},"3":{"start":{"line":29,"column":6},"end":{"line":32,"column":8}},"4":{"start":{"line":33,"column":6},"end":{"line":38,"column":7}},"5":{"start":{"line":35,"column":8},"end":{"line":37,"column":10}},"6":{"start":{"line":41,"column":4},"end":{"line":48,"column":5}},"7":{"start":{"line":42,"column":6},"end":{"line":47,"column":8}},"8":{"start":{"line":43,"column":8},"end":{"line":46,"column":10}},"9":{"start":{"line":54,"column":27},"end":{"line":54,"column":58}},"10":{"start":{"line":56,"column":27},"end":{"line":56,"column":51}},"11":{"start":{"line":57,"column":4},"end":{"line":70,"column":5}},"12":{"start":{"line":58,"column":6},"end":{"line":61,"column":7}},"13":{"start":{"line":58,"column":19},"end":{"line":58,"column":20}},"14":{"start":{"line":59,"column":8},"end":{"line":59,"column":74}},"15":{"start":{"line":60,"column":8},"end":{"line":60,"column":26}},"16":{"start":{"line":63,"column":6},"end":{"line":65,"column":8}},"17":{"start":{"line":66,"column":11},"end":{"line":70,"column":5}},"18":{"start":{"line":67,"column":6},"end":{"line":69,"column":8}},"19":{"start":{"line":74,"column":4},"end":{"line":74,"column":43}},"20":{"start":{"line":75,"column":4},"end":{"line":77,"column":6}},"21":{"start":{"line":85,"column":23},"end":{"line":85,"column":51}},"22":{"start":{"line":86,"column":4},"end":{"line":102,"column":5}},"23":{"start":{"line":92,"column":14},"end":{"line":92,"column":67}},"24":{"start":{"line":96,"column":116},"end":{"line":96,"column":144}}},"fnMap":{"0":{"name":"(anonymous_0)","decl":{"start":{"line":7,"column":2},"end":{"line":7,"column":3}},"loc":{"start":{"line":7,"column":21},"end":{"line":17,"column":3}},"line":7},"1":{"name":"(anonymous_1)","decl":{"start":{"line":27,"column":2},"end":{"line":27,"column":3}},"loc":{"start":{"line":27,"column":43},"end":{"line":50,"column":3}},"line":27},"2":{"name":"(anonymous_2)","decl":{"start":{"line":42,"column":63},"end":{"line":42,"column":64}},"loc":{"start":{"line":42,"column":69},"end":{"line":47,"column":7}},"line":42},"3":{"name":"(anonymous_3)","decl":{"start":{"line":53,"column":2},"end":{"line":53,"column":3}},"loc":{"start":{"line":53,"column":26},"end":{"line":71,"column":3}},"line":53},"4":{"name":"(anonymous_4)","decl":{"start":{"line":73,"column":2},"end":{"line":73,"column":3}},"loc":{"start":{"line":73,"column":31},"end":{"line":79,"column":3}},"line":73},"5":{"name":"(anonymous_5)","decl":{"start":{"line":84,"column":2},"end":{"line":84,"column":3}},"loc":{"start":{"line":84,"column":11},"end":{"line":103,"column":3}},"line":84},"6":{"name":"(anonymous_6)","decl":{"start":{"line":91,"column":42},"end":{"line":91,"column":43}},"loc":{"start":{"line":92,"column":14},"end":{"line":92,"column":67}},"line":92},"7":{"name":"(anonymous_7)","decl":{"start":{"line":96,"column":108},"end":{"line":96,"column":109}},"loc":{"start":{"line":96,"column":114},"end":{"line":96,"column":146}},"line":96}},"branchMap":{"0":{"loc":{"start":{"line":28,"column":4},"end":{"line":39,"column":5}},"type":"if","locations":[{"start":{"line":28,"column":4},"end":{"line":39,"column":5}},{"start":{},"end":{}}],"line":28},"1":{"loc":{"start":{"line":33,"column":6},"end":{"line":38,"column":7}},"type":"if","locations":[{"start":{"line":33,"column":6},"end":{"line":38,"column":7}},{"start":{},"end":{}}],"line":33},"2":{"loc":{"start":{"line":41,"column":4},"end":{"line":48,"column":5}},"type":"if","locations":[{"start":{"line":41,"column":4},"end":{"line":48,"column":5}},{"start":{},"end":{}}],"line":41},"3":{"loc":{"start":{"line":57,"column":4},"end":{"line":70,"column":5}},"type":"if","locations":[{"start":{"line":57,"column":4},"end":{"line":70,"column":5}},{"start":{"line":66,"column":11},"end":{"line":70,"column":5}}],"line":57},"4":{"loc":{"start":{"line":66,"column":11},"end":{"line":70,"column":5}},"type":"if","locations":[{"start":{"line":66,"column":11},"end":{"line":70,"column":5}},{"start":{},"end":{}}],"line":66},"5":{"loc":{"start":{"line":88,"column":107},"end":{"line":88,"column":242}},"type":"cond-expr","locations":[{"start":{"line":88,"column":124},"end":{"line":88,"column":235}},{"start":{"line":88,"column":238},"end":{"line":88,"column":242}}],"line":88},"6":{"loc":{"start":{"line":96,"column":9},"end":{"line":96,"column":176}},"type":"cond-expr","locations":[{"start":{"line":96,"column":30},"end":{"line":96,"column":169}},{"start":{"line":96,"column":172},"end":{"line":96,"column":176}}],"line":96}},"s":{"0":5,"1":5,"2":0,"3":0,"4":0,"5":0,"6":0,"7":0,"8":0,"9":0,"10":0,"11":0,"12":0,"13":0,"14":0,"15":0,"16":0,"17":0,"18":0,"19":0,"20":0,"21":5,"22":5,"23":0,"24":0},"f":{"0":5,"1":0,"2":0,"3":0,"4":0,"5":5,"6":0,"7":0},"b":{"0":[0,0],"1":[0,0],"2":[0,0],"3":[0,0],"4":[0,0],"5":[2,3],"6":[0,5]},"_coverageSchema":"1a1c01bbd47fc00a2c39e90264f33305004495a9","hash":"03b29a3b42a5e3ac1065664a4143d09b991d933e"}
,"/Users/saikitJK/HackReactor/Atelier/client/src/components/rating_review/ratingSummary/averageStar.jsx": {"path":"/Users/saikitJK/HackReactor/Atelier/client/src/components/rating_review/ratingSummary/averageStar.jsx","statementMap":{"0":{"start":{"line":5,"column":20},"end":{"line":23,"column":1}},"1":{"start":{"line":7,"column":36},"end":{"line":7,"column":48}},"2":{"start":{"line":8,"column":22},"end":{"line":8,"column":23}},"3":{"start":{"line":10,"column":2},"end":{"line":15,"column":20}},"4":{"start":{"line":11,"column":4},"end":{"line":14,"column":8}},"5":{"start":{"line":12,"column":22},"end":{"line":12,"column":76}},"6":{"start":{"line":13,"column":6},"end":{"line":13,"column":29}},"7":{"start":{"line":18,"column":2},"end":{"line":22,"column":3}}},"fnMap":{"0":{"name":"(anonymous_0)","decl":{"start":{"line":5,"column":20},"end":{"line":5,"column":21}},"loc":{"start":{"line":5,"column":31},"end":{"line":23,"column":1}},"line":5},"1":{"name":"(anonymous_1)","decl":{"start":{"line":10,"column":12},"end":{"line":10,"column":13}},"loc":{"start":{"line":10,"column":18},"end":{"line":15,"column":3}},"line":10},"2":{"name":"(anonymous_2)","decl":{"start":{"line":11,"column":5},"end":{"line":11,"column":6}},"loc":{"start":{"line":11,"column":17},"end":{"line":14,"column":5}},"line":11}},"branchMap":{},"s":{"0":1,"1":1,"2":1,"3":1,"4":1,"5":1,"6":1,"7":1},"f":{"0":1,"1":1,"2":1},"b":{},"_coverageSchema":"1a1c01bbd47fc00a2c39e90264f33305004495a9","hash":"b04f54e0c51617b84c3e83b49dc2b7e55d8e425b"}
,"/Users/saikitJK/HackReactor/Atelier/client/src/components/rating_review/ratingSummary/ratingBreakdown.jsx": {"path":"/Users/saikitJK/HackReactor/Atelier/client/src/components/rating_review/ratingSummary/ratingBreakdown.jsx","statementMap":{"0":{"start":{"line":3,"column":24},"end":{"line":44,"column":1}},"1":{"start":{"line":5,"column":18},"end":{"line":5,"column":33}},"2":{"start":{"line":6,"column":50},"end":{"line":6,"column":62}},"3":{"start":{"line":7,"column":46},"end":{"line":7,"column":58}},"4":{"start":{"line":9,"column":18},"end":{"line":9,"column":23}},"5":{"start":{"line":11,"column":2},"end":{"line":13,"column":17}},"6":{"start":{"line":12,"column":4},"end":{"line":12,"column":39}},"7":{"start":{"line":15,"column":35},"end":{"line":26,"column":3}},"8":{"start":{"line":16,"column":4},"end":{"line":25,"column":5}},"9":{"start":{"line":17,"column":32},"end":{"line":17,"column":34}},"10":{"start":{"line":18,"column":6},"end":{"line":22,"column":7}},"11":{"start":{"line":19,"column":22},"end":{"line":19,"column":84}},"12":{"start":{"line":21,"column":8},"end":{"line":21,"column":41}},"13":{"start":{"line":23,"column":6},"end":{"line":23,"column":38}},"14":{"start":{"line":24,"column":6},"end":{"line":24,"column":46}},"15":{"start":{"line":33,"column":2},"end":{"line":42,"column":3}},"16":{"start":{"line":38,"column":10},"end":{"line":38,"column":86}}},"fnMap":{"0":{"name":"(anonymous_0)","decl":{"start":{"line":3,"column":24},"end":{"line":3,"column":25}},"loc":{"start":{"line":3,"column":35},"end":{"line":44,"column":1}},"line":3},"1":{"name":"(anonymous_1)","decl":{"start":{"line":11,"column":12},"end":{"line":11,"column":13}},"loc":{"start":{"line":11,"column":18},"end":{"line":13,"column":3}},"line":11},"2":{"name":"(anonymous_2)","decl":{"start":{"line":15,"column":35},"end":{"line":15,"column":36}},"loc":{"start":{"line":15,"column":50},"end":{"line":26,"column":3}},"line":15},"3":{"name":"(anonymous_3)","decl":{"start":{"line":37,"column":30},"end":{"line":37,"column":31}},"loc":{"start":{"line":38,"column":10},"end":{"line":38,"column":86}},"line":38}},"branchMap":{"0":{"loc":{"start":{"line":16,"column":4},"end":{"line":25,"column":5}},"type":"if","locations":[{"start":{"line":16,"column":4},"end":{"line":25,"column":5}},{"start":{},"end":{}}],"line":16}},"s":{"0":1,"1":1,"2":1,"3":1,"4":1,"5":1,"6":1,"7":1,"8":1,"9":0,"10":0,"11":0,"12":0,"13":0,"14":0,"15":1,"16":0},"f":{"0":1,"1":1,"2":1,"3":0},"b":{"0":[0,1]},"_coverageSchema":"1a1c01bbd47fc00a2c39e90264f33305004495a9","hash":"cdbcc7041360c3aa4785c93c262d37c603ed96f1"}
,"/Users/saikitJK/HackReactor/Atelier/client/src/components/rating_review/ratingSummary/ratingSummary.jsx": {"path":"/Users/saikitJK/HackReactor/Atelier/client/src/components/rating_review/ratingSummary/ratingSummary.jsx","statementMap":{"0":{"start":{"line":7,"column":22},"end":{"line":48,"column":1}},"1":{"start":{"line":8,"column":18},"end":{"line":8,"column":40}},"2":{"start":{"line":9,"column":44},"end":{"line":9,"column":55}},"3":{"start":{"line":10,"column":51},"end":{"line":10,"column":62}},"4":{"start":{"line":13,"column":2},"end":{"line":21,"column":17}},"5":{"start":{"line":14,"column":4},"end":{"line":19,"column":8}},"6":{"start":{"line":15,"column":16},"end":{"line":15,"column":63}},"7":{"start":{"line":17,"column":6},"end":{"line":17,"column":35}},"8":{"start":{"line":18,"column":6},"end":{"line":18,"column":48}},"9":{"start":{"line":26,"column":2},"end":{"line":47,"column":3}}},"fnMap":{"0":{"name":"(anonymous_0)","decl":{"start":{"line":7,"column":22},"end":{"line":7,"column":23}},"loc":{"start":{"line":7,"column":33},"end":{"line":48,"column":1}},"line":7},"1":{"name":"(anonymous_1)","decl":{"start":{"line":13,"column":12},"end":{"line":13,"column":13}},"loc":{"start":{"line":13,"column":18},"end":{"line":21,"column":3}},"line":13},"2":{"name":"(anonymous_2)","decl":{"start":{"line":14,"column":5},"end":{"line":14,"column":6}},"loc":{"start":{"line":14,"column":17},"end":{"line":19,"column":5}},"line":14}},"branchMap":{},"s":{"0":1,"1":1,"2":1,"3":1,"4":1,"5":1,"6":1,"7":1,"8":1,"9":1},"f":{"0":1,"1":1,"2":1},"b":{},"_coverageSchema":"1a1c01bbd47fc00a2c39e90264f33305004495a9","hash":"57495b227988b6fbcb6d4e61dbf1ae1eb4772d5e"}
,"/Users/saikitJK/HackReactor/Atelier/client/src/components/rating_review/ratingSummary/recommendation.jsx": {"path":"/Users/saikitJK/HackReactor/Atelier/client/src/components/rating_review/ratingSummary/recommendation.jsx","statementMap":{"0":{"start":{"line":3,"column":23},"end":{"line":41,"column":1}},"1":{"start":{"line":5,"column":23},"end":{"line":5,"column":39}},"2":{"start":{"line":6,"column":15},"end":{"line":6,"column":16}},"3":{"start":{"line":7,"column":38},"end":{"line":7,"column":49}},"4":{"start":{"line":10,"column":2},"end":{"line":12,"column":20}},"5":{"start":{"line":11,"column":4},"end":{"line":11,"column":37}},"6":{"start":{"line":15,"column":30},"end":{"line":31,"column":3}},"7":{"start":{"line":16,"column":4},"end":{"line":29,"column":5}},"8":{"start":{"line":18,"column":18},"end":{"line":18,"column":19}},"9":{"start":{"line":19,"column":24},"end":{"line":19,"column":25}},"10":{"start":{"line":20,"column":6},"end":{"line":26,"column":7}},"11":{"start":{"line":22,"column":8},"end":{"line":24,"column":9}},"12":{"start":{"line":23,"column":10},"end":{"line":23,"column":52}},"13":{"start":{"line":25,"column":8},"end":{"line":25,"column":44}},"14":{"start":{"line":28,"column":6},"end":{"line":28,"column":72}},"15":{"start":{"line":37,"column":2},"end":{"line":39,"column":3}}},"fnMap":{"0":{"name":"(anonymous_0)","decl":{"start":{"line":3,"column":23},"end":{"line":3,"column":24}},"loc":{"start":{"line":3,"column":34},"end":{"line":41,"column":1}},"line":3},"1":{"name":"(anonymous_1)","decl":{"start":{"line":10,"column":12},"end":{"line":10,"column":13}},"loc":{"start":{"line":10,"column":18},"end":{"line":12,"column":3}},"line":10},"2":{"name":"(anonymous_2)","decl":{"start":{"line":15,"column":30},"end":{"line":15,"column":31}},"loc":{"start":{"line":15,"column":48},"end":{"line":31,"column":3}},"line":15}},"branchMap":{"0":{"loc":{"start":{"line":16,"column":4},"end":{"line":29,"column":5}},"type":"if","locations":[{"start":{"line":16,"column":4},"end":{"line":29,"column":5}},{"start":{},"end":{}}],"line":16},"1":{"loc":{"start":{"line":22,"column":8},"end":{"line":24,"column":9}},"type":"if","locations":[{"start":{"line":22,"column":8},"end":{"line":24,"column":9}},{"start":{},"end":{}}],"line":22}},"s":{"0":1,"1":1,"2":1,"3":1,"4":1,"5":1,"6":1,"7":1,"8":0,"9":0,"10":0,"11":0,"12":0,"13":0,"14":0,"15":1},"f":{"0":1,"1":1,"2":1},"b":{"0":[0,1],"1":[0,0]},"_coverageSchema":"1a1c01bbd47fc00a2c39e90264f33305004495a9","hash":"7749b7f4c548aea00f0f13167881bde3e1df52fb"}
,"/Users/saikitJK/HackReactor/Atelier/client/src/components/rating_review/reviewPhoto/photoItem.jsx": {"path":"/Users/saikitJK/HackReactor/Atelier/client/src/components/rating_review/reviewPhoto/photoItem.jsx","statementMap":{"0":{"start":{"line":3,"column":18},"end":{"line":29,"column":1}},"1":{"start":{"line":5,"column":28},"end":{"line":5,"column":43}},"2":{"start":{"line":7,"column":22},"end":{"line":9,"column":3}},"3":{"start":{"line":8,"column":4},"end":{"line":8,"column":20}},"4":{"start":{"line":13,"column":2},"end":{"line":27,"column":3}},"5":{"start":{"line":15,"column":164},"end":{"line":15,"column":177}},"6":{"start":{"line":18,"column":94},"end":{"line":18,"column":107}},"7":{"start":{"line":21,"column":106},"end":{"line":21,"column":119}}},"fnMap":{"0":{"name":"(anonymous_0)","decl":{"start":{"line":3,"column":18},"end":{"line":3,"column":19}},"loc":{"start":{"line":3,"column":29},"end":{"line":29,"column":1}},"line":3},"1":{"name":"(anonymous_1)","decl":{"start":{"line":7,"column":22},"end":{"line":7,"column":23}},"loc":{"start":{"line":7,"column":28},"end":{"line":9,"column":3}},"line":7},"2":{"name":"(anonymous_2)","decl":{"start":{"line":15,"column":156},"end":{"line":15,"column":157}},"loc":{"start":{"line":15,"column":162},"end":{"line":15,"column":179}},"line":15},"3":{"name":"(anonymous_3)","decl":{"start":{"line":18,"column":86},"end":{"line":18,"column":87}},"loc":{"start":{"line":18,"column":92},"end":{"line":18,"column":109}},"line":18},"4":{"name":"(anonymous_4)","decl":{"start":{"line":21,"column":98},"end":{"line":21,"column":99}},"loc":{"start":{"line":21,"column":104},"end":{"line":21,"column":121}},"line":21}},"branchMap":{"0":{"loc":{"start":{"line":16,"column":7},"end":{"line":24,"column":21}},"type":"cond-expr","locations":[{"start":{"line":17,"column":8},"end":{"line":24,"column":14}},{"start":{"line":24,"column":17},"end":{"line":24,"column":21}}],"line":16}},"s":{"0":1,"1":32,"2":32,"3":6,"4":32,"5":3,"6":2,"7":1},"f":{"0":32,"1":6,"2":3,"3":2,"4":1},"b":{"0":[3,29]},"_coverageSchema":"1a1c01bbd47fc00a2c39e90264f33305004495a9","hash":"fc829ea5680f8f4cf64350ee7ba0325a8c6f9a0a"}
,"/Users/saikitJK/HackReactor/Atelier/client/src/components/rating_review/reviewPhoto/reviewPhotoList.jsx": {"path":"/Users/saikitJK/HackReactor/Atelier/client/src/components/rating_review/reviewPhoto/reviewPhotoList.jsx","statementMap":{"0":{"start":{"line":5,"column":24},"end":{"line":21,"column":1}},"1":{"start":{"line":10,"column":2},"end":{"line":19,"column":3}},"2":{"start":{"line":13,"column":8},"end":{"line":13,"column":50}}},"fnMap":{"0":{"name":"(anonymous_0)","decl":{"start":{"line":5,"column":24},"end":{"line":5,"column":25}},"loc":{"start":{"line":5,"column":35},"end":{"line":21,"column":1}},"line":5},"1":{"name":"(anonymous_1)","decl":{"start":{"line":12,"column":27},"end":{"line":12,"column":28}},"loc":{"start":{"line":13,"column":8},"end":{"line":13,"column":50}},"line":13}},"branchMap":{},"s":{"0":1,"1":8,"2":24},"f":{"0":8,"1":24},"b":{},"_coverageSchema":"1a1c01bbd47fc00a2c39e90264f33305004495a9","hash":"852bcbf19c89f9cb9a727700582bb7e066a48a96"}
,"/Users/saikitJK/HackReactor/Atelier/client/src/components/rating_review/sorting/sorting.jsx": {"path":"/Users/saikitJK/HackReactor/Atelier/client/src/components/rating_review/sorting/sorting.jsx","statementMap":{"0":{"start":{"line":3,"column":17},"end":{"line":41,"column":1}},"1":{"start":{"line":4,"column":25},"end":{"line":4,"column":59}},"2":{"start":{"line":5,"column":52},"end":{"line":5,"column":68}},"3":{"start":{"line":6,"column":56},"end":{"line":6,"column":77}},"4":{"start":{"line":10,"column":22},"end":{"line":16,"column":3}},"5":{"start":{"line":11,"column":4},"end":{"line":15,"column":5}},"6":{"start":{"line":12,"column":6},"end":{"line":12,"column":35}},"7":{"start":{"line":14,"column":6},"end":{"line":14,"column":34}},"8":{"start":{"line":18,"column":29},"end":{"line":24,"column":3}},"9":{"start":{"line":20,"column":4},"end":{"line":20,"column":38}},"10":{"start":{"line":21,"column":4},"end":{"line":21,"column":32}},"11":{"start":{"line":23,"column":4},"end":{"line":23,"column":38}},"12":{"start":{"line":26,"column":14},"end":{"line":28,"column":3}},"13":{"start":{"line":30,"column":2},"end":{"line":39,"column":3}},"14":{"start":{"line":32,"column":83},"end":{"line":32,"column":96}},"15":{"start":{"line":35,"column":10},"end":{"line":35,"column":183}},"16":{"start":{"line":35,"column":117},"end":{"line":35,"column":147}}},"fnMap":{"0":{"name":"(anonymous_0)","decl":{"start":{"line":3,"column":17},"end":{"line":3,"column":18}},"loc":{"start":{"line":3,"column":28},"end":{"line":41,"column":1}},"line":3},"1":{"name":"(anonymous_1)","decl":{"start":{"line":10,"column":22},"end":{"line":10,"column":23}},"loc":{"start":{"line":10,"column":28},"end":{"line":16,"column":3}},"line":10},"2":{"name":"(anonymous_2)","decl":{"start":{"line":18,"column":29},"end":{"line":18,"column":30}},"loc":{"start":{"line":18,"column":45},"end":{"line":24,"column":3}},"line":18},"3":{"name":"(anonymous_3)","decl":{"start":{"line":32,"column":75},"end":{"line":32,"column":76}},"loc":{"start":{"line":32,"column":81},"end":{"line":32,"column":98}},"line":32},"4":{"name":"(anonymous_4)","decl":{"start":{"line":34,"column":28},"end":{"line":34,"column":29}},"loc":{"start":{"line":35,"column":10},"end":{"line":35,"column":183}},"line":35},"5":{"name":"(anonymous_5)","decl":{"start":{"line":35,"column":109},"end":{"line":35,"column":110}},"loc":{"start":{"line":35,"column":115},"end":{"line":35,"column":149}},"line":35}},"branchMap":{"0":{"loc":{"start":{"line":11,"column":4},"end":{"line":15,"column":5}},"type":"if","locations":[{"start":{"line":11,"column":4},"end":{"line":15,"column":5}},{"start":{"line":13,"column":11},"end":{"line":15,"column":5}}],"line":11}},"s":{"0":1,"1":14,"2":14,"3":14,"4":14,"5":6,"6":4,"7":2,"8":14,"9":1,"10":1,"11":1,"12":14,"13":14,"14":6,"15":42,"16":1},"f":{"0":14,"1":6,"2":1,"3":6,"4":42,"5":1},"b":{"0":[4,2]},"_coverageSchema":"1a1c01bbd47fc00a2c39e90264f33305004495a9","hash":"9b1e553bf116306b3569b7a923d2ab8d6f47994d"}
,"/Users/saikitJK/HackReactor/Atelier/client/src/components/rating_review/starRating/helper.js": {"path":"/Users/saikitJK/HackReactor/Atelier/client/src/components/rating_review/starRating/helper.js","statementMap":{"0":{"start":{"line":1,"column":16},"end":{"line":75,"column":1}},"1":{"start":{"line":4,"column":4},"end":{"line":6,"column":5}},"2":{"start":{"line":5,"column":6},"end":{"line":5,"column":15}},"3":{"start":{"line":7,"column":20},"end":{"line":7,"column":38}},"4":{"start":{"line":8,"column":18},"end":{"line":8,"column":36}},"5":{"start":{"line":9,"column":20},"end":{"line":9,"column":22}},"6":{"start":{"line":16,"column":4},"end":{"line":45,"column":5}},"7":{"start":{"line":18,"column":22},"end":{"line":18,"column":58}},"8":{"start":{"line":20,"column":6},"end":{"line":31,"column":7}},"9":{"start":{"line":20,"column":19},"end":{"line":20,"column":20}},"10":{"start":{"line":21,"column":8},"end":{"line":24,"column":9}},"11":{"start":{"line":23,"column":10},"end":{"line":23,"column":29}},"12":{"start":{"line":25,"column":8},"end":{"line":27,"column":9}},"13":{"start":{"line":26,"column":10},"end":{"line":26,"column":35}},"14":{"start":{"line":28,"column":8},"end":{"line":30,"column":9}},"15":{"start":{"line":29,"column":10},"end":{"line":29,"column":27}},"16":{"start":{"line":34,"column":6},"end":{"line":43,"column":7}},"17":{"start":{"line":34,"column":19},"end":{"line":34,"column":20}},"18":{"start":{"line":35,"column":8},"end":{"line":38,"column":9}},"19":{"start":{"line":37,"column":10},"end":{"line":37,"column":29}},"20":{"start":{"line":39,"column":8},"end":{"line":41,"column":9}},"21":{"start":{"line":40,"column":10},"end":{"line":40,"column":27}},"22":{"start":{"line":47,"column":4},"end":{"line":47,"column":20}},"23":{"start":{"line":51,"column":4},"end":{"line":53,"column":5}},"24":{"start":{"line":52,"column":6},"end":{"line":52,"column":53}},"25":{"start":{"line":54,"column":18},"end":{"line":54,"column":19}},"26":{"start":{"line":55,"column":21},"end":{"line":55,"column":22}},"27":{"start":{"line":56,"column":28},"end":{"line":56,"column":29}},"28":{"start":{"line":57,"column":4},"end":{"line":62,"column":5}},"29":{"start":{"line":58,"column":25},"end":{"line":58,"column":49}},"30":{"start":{"line":59,"column":6},"end":{"line":59,"column":39}},"31":{"start":{"line":60,"column":6},"end":{"line":60,"column":40}},"32":{"start":{"line":64,"column":4},"end":{"line":64,"column":68}},"33":{"start":{"line":66,"column":4},"end":{"line":69,"column":5}},"34":{"start":{"line":67,"column":6},"end":{"line":67,"column":17}},"35":{"start":{"line":68,"column":6},"end":{"line":68,"column":27}},"36":{"start":{"line":71,"column":4},"end":{"line":71,"column":73}}},"fnMap":{"0":{"name":"(anonymous_0)","decl":{"start":{"line":2,"column":17},"end":{"line":2,"column":18}},"loc":{"start":{"line":2,"column":48},"end":{"line":48,"column":3}},"line":2},"1":{"name":"(anonymous_1)","decl":{"start":{"line":49,"column":26},"end":{"line":49,"column":27}},"loc":{"start":{"line":49,"column":47},"end":{"line":72,"column":3}},"line":49}},"branchMap":{"0":{"loc":{"start":{"line":4,"column":4},"end":{"line":6,"column":5}},"type":"if","locations":[{"start":{"line":4,"column":4},"end":{"line":6,"column":5}},{"start":{},"end":{}}],"line":4},"1":{"loc":{"start":{"line":4,"column":8},"end":{"line":4,"column":69}},"type":"binary-expr","locations":[{"start":{"line":4,"column":8},"end":{"line":4,"column":34}},{"start":{"line":4,"column":38},"end":{"line":4,"column":69}}],"line":4},"2":{"loc":{"start":{"line":16,"column":4},"end":{"line":45,"column":5}},"type":"if","locations":[{"start":{"line":16,"column":4},"end":{"line":45,"column":5}},{"start":{"line":33,"column":11},"end":{"line":45,"column":5}}],"line":16},"3":{"loc":{"start":{"line":21,"column":8},"end":{"line":24,"column":9}},"type":"if","locations":[{"start":{"line":21,"column":8},"end":{"line":24,"column":9}},{"start":{},"end":{}}],"line":21},"4":{"loc":{"start":{"line":25,"column":8},"end":{"line":27,"column":9}},"type":"if","locations":[{"start":{"line":25,"column":8},"end":{"line":27,"column":9}},{"start":{},"end":{}}],"line":25},"5":{"loc":{"start":{"line":28,"column":8},"end":{"line":30,"column":9}},"type":"if","locations":[{"start":{"line":28,"column":8},"end":{"line":30,"column":9}},{"start":{},"end":{}}],"line":28},"6":{"loc":{"start":{"line":28,"column":12},"end":{"line":28,"column":57}},"type":"binary-expr","locations":[{"start":{"line":28,"column":12},"end":{"line":28,"column":31}},{"start":{"line":28,"column":35},"end":{"line":28,"column":57}}],"line":28},"7":{"loc":{"start":{"line":35,"column":8},"end":{"line":38,"column":9}},"type":"if","locations":[{"start":{"line":35,"column":8},"end":{"line":38,"column":9}},{"start":{},"end":{}}],"line":35},"8":{"loc":{"start":{"line":39,"column":8},"end":{"line":41,"column":9}},"type":"if","locations":[{"start":{"line":39,"column":8},"end":{"line":41,"column":9}},{"start":{},"end":{}}],"line":39},"9":{"loc":{"start":{"line":39,"column":12},"end":{"line":39,"column":52}},"type":"binary-expr","locations":[{"start":{"line":39,"column":12},"end":{"line":39,"column":26}},{"start":{"line":39,"column":30},"end":{"line":39,"column":52}}],"line":39},"10":{"loc":{"start":{"line":51,"column":4},"end":{"line":53,"column":5}},"type":"if","locations":[{"start":{"line":51,"column":4},"end":{"line":53,"column":5}},{"start":{},"end":{}}],"line":51},"11":{"loc":{"start":{"line":51,"column":8},"end":{"line":51,"column":65}},"type":"binary-expr","locations":[{"start":{"line":51,"column":8},"end":{"line":51,"column":37}},{"start":{"line":51,"column":41},"end":{"line":51,"column":65}}],"line":51},"12":{"loc":{"start":{"line":66,"column":4},"end":{"line":69,"column":5}},"type":"if","locations":[{"start":{"line":66,"column":4},"end":{"line":69,"column":5}},{"start":{},"end":{}}],"line":66},"13":{"loc":{"start":{"line":66,"column":8},"end":{"line":66,"column":50}},"type":"binary-expr","locations":[{"start":{"line":66,"column":8},"end":{"line":66,"column":22}},{"start":{"line":66,"column":26},"end":{"line":66,"column":50}}],"line":66}},"s":{"0":1,"1":16,"2":1,"3":15,"4":15,"5":15,"6":15,"7":1,"8":1,"9":1,"10":5,"11":3,"12":5,"13":1,"14":5,"15":1,"16":14,"17":14,"18":70,"19":47,"20":70,"21":23,"22":15,"23":3,"24":1,"25":2,"26":2,"27":2,"28":2,"29":6,"30":6,"31":6,"32":2,"33":2,"34":1,"35":1,"36":2},"f":{"0":16,"1":3},"b":{"0":[1,15],"1":[16,15],"2":[1,14],"3":[3,2],"4":[1,4],"5":[1,4],"6":[5,4],"7":[47,23],"8":[23,47],"9":[70,47],"10":[1,2],"11":[3,2],"12":[1,1],"13":[2,1]},"_coverageSchema":"1a1c01bbd47fc00a2c39e90264f33305004495a9","hash":"1ada685d7c1e57fd1f2156cf7de9a2a7c6a565c7"}
,"/Users/saikitJK/HackReactor/Atelier/client/src/components/rating_review/starRating/starDiv.jsx": {"path":"/Users/saikitJK/HackReactor/Atelier/client/src/components/rating_review/starRating/starDiv.jsx","statementMap":{"0":{"start":{"line":3,"column":16},"end":{"line":21,"column":1}},"1":{"start":{"line":4,"column":2},"end":{"line":20,"column":4}},"2":{"start":{"line":8,"column":8},"end":{"line":16,"column":9}}},"fnMap":{"0":{"name":"(anonymous_0)","decl":{"start":{"line":3,"column":16},"end":{"line":3,"column":17}},"loc":{"start":{"line":3,"column":27},"end":{"line":21,"column":1}},"line":3},"1":{"name":"(anonymous_1)","decl":{"start":{"line":6,"column":27},"end":{"line":6,"column":28}},"loc":{"start":{"line":6,"column":43},"end":{"line":17,"column":7}},"line":6}},"branchMap":{},"s":{"0":1,"1":45,"2":90},"f":{"0":45,"1":90},"b":{},"_coverageSchema":"1a1c01bbd47fc00a2c39e90264f33305004495a9","hash":"65aa988e33a990627773e3975bccd84847be8d5e"}
,"/Users/saikitJK/HackReactor/Atelier/client/src/components/rating_review/starRating/starRating.jsx": {"path":"/Users/saikitJK/HackReactor/Atelier/client/src/components/rating_review/starRating/starRating.jsx","statementMap":{"0":{"start":{"line":10,"column":4},"end":{"line":10,"column":16}},"1":{"start":{"line":11,"column":4},"end":{"line":14,"column":5}},"2":{"start":{"line":19,"column":20},"end":{"line":19,"column":90}},"3":{"start":{"line":21,"column":4},"end":{"line":21,"column":43}},"4":{"start":{"line":26,"column":4},"end":{"line":30,"column":5}}},"fnMap":{"0":{"name":"(anonymous_0)","decl":{"start":{"line":9,"column":2},"end":{"line":9,"column":3}},"loc":{"start":{"line":9,"column":21},"end":{"line":15,"column":3}},"line":9},"1":{"name":"(anonymous_1)","decl":{"start":{"line":17,"column":2},"end":{"line":17,"column":3}},"loc":{"start":{"line":17,"column":28},"end":{"line":22,"column":3}},"line":17},"2":{"name":"(anonymous_2)","decl":{"start":{"line":24,"column":2},"end":{"line":24,"column":3}},"loc":{"start":{"line":24,"column":11},"end":{"line":31,"column":3}},"line":24}},"branchMap":{},"s":{"0":13,"1":13,"2":13,"3":13,"4":44},"f":{"0":13,"1":13,"2":44},"b":{},"_coverageSchema":"1a1c01bbd47fc00a2c39e90264f33305004495a9","hash":"2697ca021e888857f978a4563a453e6063aeff0d"}
,"/Users/saikitJK/HackReactor/Atelier/tests/test_rating_reviews/test_data.js": {"path":"/Users/saikitJK/HackReactor/Atelier/tests/test_rating_reviews/test_data.js","statementMap":{"0":{"start":{"line":1,"column":17},"end":{"line":85,"column":1}}},"fnMap":{},"branchMap":{},"s":{"0":1},"f":{},"b":{},"_coverageSchema":"1a1c01bbd47fc00a2c39e90264f33305004495a9","hash":"9b333ff540f0c7f3c1a2f023a0ac0b74cf8c55bc"}
}
