TN:
SF:client/src/components/rating_review/ratingReview.jsx
FN:8,(anonymous_0)
FN:20,(anonymous_1)
FN:27,(anonymous_2)
FN:42,(anonymous_3)
FN:52,(anonymous_4)
FN:57,(anonymous_5)
FN:82,(anonymous_6)
FN:90,(anonymous_7)
FN:100,(anonymous_8)
FNF:9
FNH:6
FNDA:1,(anonymous_0)
FNDA:1,(anonymous_1)
FNDA:1,(anonymous_2)
FNDA:0,(anonymous_3)
FNDA:1,(anonymous_4)
FNDA:1,(anonymous_5)
FNDA:0,(anonymous_6)
FNDA:0,(anonymous_7)
FNDA:1,(anonymous_8)
DA:9,1
DA:10,1
DA:21,1
DA:22,1
DA:28,1
DA:30,1
DA:41,1
DA:43,0
DA:44,0
DA:46,0
DA:53,1
DA:57,1
DA:58,1
DA:60,1
DA:69,1
DA:70,1
DA:72,0
DA:73,0
DA:75,0
DA:77,1
DA:83,0
DA:84,0
DA:85,0
DA:87,0
DA:88,0
DA:91,0
DA:101,1
LF:27
LH:15
BRDA:11,0,0,1
BRDA:11,0,1,1
BRDA:43,1,0,0
BRDA:43,1,1,0
BRDA:72,2,0,0
BRDA:72,2,1,0
BRDA:84,3,0,0
BRDA:84,3,1,0
BRDA:87,4,0,0
BRDA:87,4,1,0
BRF:10
BRH:2
end_of_record
TN:
SF:client/src/components/rating_review/reviewItem.jsx
FN:5,(anonymous_0)
FN:24,(anonymous_1)
FN:39,(anonymous_2)
FN:43,(anonymous_3)
FN:77,(anonymous_4)
FN:78,(anonymous_5)
FN:87,(anonymous_6)
FN:87,(anonymous_7)
FNF:8
FNH:7
FNDA:31,(anonymous_0)
FNDA:13,(anonymous_1)
FNDA:2,(anonymous_2)
FNDA:3,(anonymous_3)
FNDA:1,(anonymous_4)
FNDA:1,(anonymous_5)
FNDA:3,(anonymous_6)
FNDA:0,(anonymous_7)
DA:5,1
DA:6,31
DA:7,31
DA:8,31
DA:9,31
DA:14,31
DA:18,31
DA:19,31
DA:20,31
DA:21,31
DA:22,31
DA:24,31
DA:25,13
DA:26,5
DA:29,13
DA:30,5
DA:31,5
DA:34,13
DA:35,8
DA:39,31
DA:40,2
DA:43,31
DA:44,3
DA:45,1
DA:47,2
DA:57,31
DA:77,1
DA:78,1
DA:87,3
LF:29
LH:29
BRDA:8,0,0,31
BRDA:8,0,1,4
BRDA:25,1,0,5
BRDA:25,1,1,8
BRDA:29,2,0,5
BRDA:29,2,1,8
BRDA:34,3,0,8
BRDA:34,3,1,5
BRDA:44,4,0,1
BRDA:44,4,1,2
BRDA:69,5,0,19
BRDA:69,5,1,12
BRDA:73,6,0,12
BRDA:73,6,1,19
BRDA:76,7,0,8
BRDA:76,7,1,4
BRDA:82,8,0,18
BRDA:82,8,1,13
BRDA:83,9,0,29
BRDA:83,9,1,2
BRDA:83,10,0,6
BRDA:83,10,1,23
BRF:22
BRH:22
end_of_record
TN:
SF:client/src/components/rating_review/reviewList.jsx
FN:7,(anonymous_0)
FN:27,(anonymous_1)
FN:42,(anonymous_2)
FN:53,(anonymous_3)
FN:73,(anonymous_4)
FN:84,(anonymous_5)
FN:91,(anonymous_6)
FN:96,(anonymous_7)
FNF:8
FNH:2
FNDA:5,(anonymous_0)
FNDA:0,(anonymous_1)
FNDA:0,(anonymous_2)
FNDA:0,(anonymous_3)
FNDA:0,(anonymous_4)
FNDA:5,(anonymous_5)
FNDA:0,(anonymous_6)
FNDA:0,(anonymous_7)
DA:8,5
DA:9,5
DA:28,0
DA:29,0
DA:33,0
DA:35,0
DA:41,0
DA:42,0
DA:43,0
DA:54,0
DA:56,0
DA:57,0
DA:58,0
DA:59,0
DA:60,0
DA:63,0
DA:66,0
DA:67,0
DA:74,0
DA:75,0
DA:85,5
DA:86,5
DA:92,0
DA:96,0
LF:24
LH:4
BRDA:28,0,0,0
BRDA:28,0,1,0
BRDA:33,1,0,0
BRDA:33,1,1,0
BRDA:41,2,0,0
BRDA:41,2,1,0
BRDA:57,3,0,0
BRDA:57,3,1,0
BRDA:66,4,0,0
BRDA:66,4,1,0
BRDA:88,5,0,2
BRDA:88,5,1,3
BRDA:96,6,0,0
BRDA:96,6,1,5
BRF:14
BRH:3
end_of_record
TN:
SF:client/src/components/rating_review/ratingSummary/averageStar.jsx
FN:5,(anonymous_0)
FN:10,(anonymous_1)
FN:11,(anonymous_2)
FNF:3
FNH:3
FNDA:1,(anonymous_0)
FNDA:1,(anonymous_1)
FNDA:1,(anonymous_2)
DA:5,1
DA:7,1
DA:8,1
DA:10,1
DA:11,1
DA:12,1
DA:13,1
DA:18,1
LF:8
LH:8
BRF:0
BRH:0
end_of_record
TN:
SF:client/src/components/rating_review/ratingSummary/ratingBreakdown.jsx
FN:3,(anonymous_0)
FN:11,(anonymous_1)
FN:15,(anonymous_2)
FN:37,(anonymous_3)
FNF:4
FNH:3
FNDA:1,(anonymous_0)
FNDA:1,(anonymous_1)
FNDA:1,(anonymous_2)
FNDA:0,(anonymous_3)
DA:3,1
DA:5,1
DA:6,1
DA:7,1
DA:9,1
DA:11,1
DA:12,1
DA:15,1
DA:16,1
DA:17,0
DA:18,0
DA:19,0
DA:21,0
DA:23,0
DA:24,0
DA:33,1
DA:38,0
LF:17
LH:10
BRDA:16,0,0,0
BRDA:16,0,1,1
BRF:2
BRH:1
end_of_record
TN:
SF:client/src/components/rating_review/ratingSummary/ratingSummary.jsx
FN:7,(anonymous_0)
FN:13,(anonymous_1)
FN:14,(anonymous_2)
FNF:3
FNH:3
FNDA:1,(anonymous_0)
FNDA:1,(anonymous_1)
FNDA:1,(anonymous_2)
DA:7,1
DA:8,1
DA:9,1
DA:10,1
DA:13,1
DA:14,1
DA:15,1
DA:17,1
DA:18,1
DA:26,1
LF:10
LH:10
BRF:0
BRH:0
end_of_record
TN:
SF:client/src/components/rating_review/ratingSummary/recommendation.jsx
FN:3,(anonymous_0)
FN:10,(anonymous_1)
FN:15,(anonymous_2)
FNF:3
FNH:3
FNDA:1,(anonymous_0)
FNDA:1,(anonymous_1)
FNDA:1,(anonymous_2)
DA:3,1
DA:5,1
DA:6,1
DA:7,1
DA:10,1
DA:11,1
DA:15,1
DA:16,1
DA:18,0
DA:19,0
DA:20,0
DA:22,0
DA:23,0
DA:25,0
DA:28,0
DA:37,1
LF:16
LH:9
BRDA:16,0,0,0
BRDA:16,0,1,1
BRDA:22,1,0,0
BRDA:22,1,1,0
BRF:4
BRH:1
end_of_record
TN:
SF:client/src/components/rating_review/reviewPhoto/photoItem.jsx
FN:3,(anonymous_0)
FN:7,(anonymous_1)
FN:15,(anonymous_2)
FN:18,(anonymous_3)
FN:21,(anonymous_4)
FNF:5
FNH:5
FNDA:32,(anonymous_0)
FNDA:6,(anonymous_1)
FNDA:3,(anonymous_2)
FNDA:2,(anonymous_3)
FNDA:1,(anonymous_4)
DA:3,1
DA:5,32
DA:7,32
DA:8,6
DA:13,32
DA:15,3
DA:18,2
DA:21,1
LF:8
LH:8
BRDA:16,0,0,3
BRDA:16,0,1,29
BRF:2
BRH:2
end_of_record
TN:
SF:client/src/components/rating_review/reviewPhoto/reviewPhotoList.jsx
FN:5,(anonymous_0)
FN:12,(anonymous_1)
FNF:2
FNH:2
FNDA:8,(anonymous_0)
FNDA:24,(anonymous_1)
DA:5,1
DA:10,8
DA:13,24
LF:3
LH:3
BRF:0
BRH:0
end_of_record
TN:
SF:client/src/components/rating_review/sorting/sorting.jsx
FN:3,(anonymous_0)
FN:10,(anonymous_1)
FN:18,(anonymous_2)
FN:32,(anonymous_3)
FN:34,(anonymous_4)
FN:35,(anonymous_5)
FNF:6
FNH:6
FNDA:14,(anonymous_0)
FNDA:6,(anonymous_1)
FNDA:1,(anonymous_2)
FNDA:6,(anonymous_3)
FNDA:42,(anonymous_4)
FNDA:1,(anonymous_5)
DA:3,1
DA:4,14
DA:5,14
DA:6,14
DA:10,14
DA:11,6
DA:12,4
DA:14,2
DA:18,14
DA:20,1
DA:21,1
DA:23,1
DA:26,14
DA:30,14
DA:32,6
DA:35,42
LF:16
LH:16
BRDA:11,0,0,4
BRDA:11,0,1,2
BRF:2
BRH:2
end_of_record
TN:
SF:client/src/components/rating_review/starRating/helper.js
FN:2,(anonymous_0)
FN:49,(anonymous_1)
FNF:2
FNH:2
FNDA:16,(anonymous_0)
FNDA:3,(anonymous_1)
DA:1,1
DA:4,16
DA:5,1
DA:7,15
DA:8,15
DA:9,15
DA:16,15
DA:18,1
DA:20,1
DA:21,5
DA:23,3
DA:25,5
DA:26,1
DA:28,5
DA:29,1
DA:34,14
DA:35,70
DA:37,47
DA:39,70
DA:40,23
DA:47,15
DA:51,3
DA:52,1
DA:54,2
DA:55,2
DA:56,2
DA:57,2
DA:58,6
DA:59,6
DA:60,6
DA:64,2
DA:66,2
DA:67,1
DA:68,1
DA:71,2
LF:35
LH:35
BRDA:4,0,0,1
BRDA:4,0,1,15
BRDA:4,1,0,16
BRDA:4,1,1,15
BRDA:16,2,0,1
BRDA:16,2,1,14
BRDA:21,3,0,3
BRDA:21,3,1,2
BRDA:25,4,0,1
BRDA:25,4,1,4
BRDA:28,5,0,1
BRDA:28,5,1,4
BRDA:28,6,0,5
BRDA:28,6,1,4
BRDA:35,7,0,47
BRDA:35,7,1,23
BRDA:39,8,0,23
BRDA:39,8,1,47
BRDA:39,9,0,70
BRDA:39,9,1,47
BRDA:51,10,0,1
BRDA:51,10,1,2
BRDA:51,11,0,3
BRDA:51,11,1,2
BRDA:66,12,0,1
BRDA:66,12,1,1
BRDA:66,13,0,2
BRDA:66,13,1,1
BRF:28
BRH:28
end_of_record
TN:
SF:client/src/components/rating_review/starRating/starDiv.jsx
FN:3,(anonymous_0)
FN:6,(anonymous_1)
FNF:2
FNH:2
FNDA:45,(anonymous_0)
FNDA:90,(anonymous_1)
DA:3,1
DA:4,45
DA:8,90
LF:3
LH:3
BRF:0
BRH:0
end_of_record
TN:
SF:client/src/components/rating_review/starRating/starRating.jsx
FN:9,(anonymous_0)
FN:17,(anonymous_1)
FN:24,(anonymous_2)
FNF:3
FNH:3
FNDA:13,(anonymous_0)
FNDA:13,(anonymous_1)
FNDA:44,(anonymous_2)
DA:10,13
DA:11,13
DA:19,13
DA:21,13
DA:26,44
LF:5
LH:5
BRF:0
BRH:0
end_of_record
TN:
SF:tests/test_rating_reviews/test_data.js
FNF:0
FNH:0
DA:1,1
LF:1
LH:1
BRF:0
BRH:0
end_of_record
