TN:
SF:client/src/components/rating_review/ratingReview.jsx
FN:8,(anonymous_0)
FN:20,(anonymous_1)
FN:27,(anonymous_2)
FN:42,(anonymous_3)
FN:48,(anonymous_4)
FN:53,(anonymous_5)
FN:74,(anonymous_6)
FN:78,(anonymous_7)
FN:88,(anonymous_8)
FNF:9
FNH:6
FNDA:1,(anonymous_0)
FNDA:1,(anonymous_1)
FNDA:1,(anonymous_2)
FNDA:0,(anonymous_3)
FNDA:1,(anonymous_4)
FNDA:1,(anonymous_5)
FNDA:0,(anonymous_6)
FNDA:0,(anonymous_7)
FNDA:1,(anonymous_8)
DA:9,1
DA:10,1
DA:21,1
DA:22,1
DA:28,1
DA:30,1
DA:41,1
DA:44,0
DA:49,1
DA:53,1
DA:54,1
DA:56,1
DA:65,1
DA:66,1
DA:67,0
DA:69,1
DA:75,0
DA:76,0
DA:79,0
DA:89,1
LF:20
LH:15
BRDA:11,0,0,1
BRDA:11,0,1,1
BRDA:75,1,0,0
BRDA:75,1,1,0
BRF:4
BRH:2
end_of_record
TN:
SF:client/src/components/rating_review/reviewItem.jsx
FN:5,(anonymous_0)
FN:24,(anonymous_1)
FN:38,(anonymous_2)
FN:42,(anonymous_3)
FN:51,(anonymous_4)
FN:76,(anonymous_5)
FN:77,(anonymous_6)
FN:86,(anonymous_7)
FN:86,(anonymous_8)
FNF:9
FNH:4
FNDA:15,(anonymous_0)
FNDA:7,(anonymous_1)
FNDA:0,(anonymous_2)
FNDA:1,(anonymous_3)
FNDA:0,(anonymous_4)
FNDA:0,(anonymous_5)
FNDA:0,(anonymous_6)
FNDA:1,(anonymous_7)
FNDA:0,(anonymous_8)
DA:5,1
DA:6,15
DA:7,15
DA:8,15
DA:9,15
DA:14,15
DA:18,15
DA:19,15
DA:20,15
DA:21,15
DA:22,15
DA:24,15
DA:25,7
DA:26,0
DA:29,7
DA:30,0
DA:33,7
DA:34,7
DA:38,15
DA:39,0
DA:42,15
DA:43,1
DA:44,0
DA:45,1
DA:46,1
DA:51,15
DA:52,0
DA:56,15
DA:76,0
DA:77,0
DA:86,1
LF:31
LH:24
BRDA:8,0,0,15
BRDA:8,0,1,0
BRDA:25,1,0,0
BRDA:25,1,1,7
BRDA:29,2,0,0
BRDA:29,2,1,7
BRDA:33,3,0,7
BRDA:33,3,1,0
BRDA:43,4,0,0
BRDA:43,4,1,1
BRDA:45,5,0,1
BRDA:45,5,1,0
BRDA:68,6,0,15
BRDA:68,6,1,0
BRDA:72,7,0,8
BRDA:72,7,1,7
BRDA:75,8,0,5
BRDA:75,8,1,3
BRDA:81,9,0,6
BRDA:81,9,1,9
BRDA:82,10,0,15
BRDA:82,10,1,0
BRDA:82,11,0,6
BRDA:82,11,1,9
BRF:24
BRH:16
end_of_record
TN:
SF:client/src/components/rating_review/reviewList.jsx
FN:7,(anonymous_0)
FN:27,(anonymous_1)
FN:42,(anonymous_2)
FN:53,(anonymous_3)
FN:73,(anonymous_4)
FN:84,(anonymous_5)
FN:91,(anonymous_6)
FN:96,(anonymous_7)
FNF:8
FNH:2
FNDA:3,(anonymous_0)
FNDA:0,(anonymous_1)
FNDA:0,(anonymous_2)
FNDA:0,(anonymous_3)
FNDA:0,(anonymous_4)
FNDA:3,(anonymous_5)
FNDA:0,(anonymous_6)
FNDA:0,(anonymous_7)
DA:8,3
DA:9,3
DA:29,0
DA:30,0
DA:34,0
DA:35,0
DA:41,0
DA:42,0
DA:43,0
DA:54,0
DA:56,0
DA:57,0
DA:58,0
DA:59,0
DA:60,0
DA:63,0
DA:66,0
DA:67,0
DA:74,0
DA:75,0
DA:85,3
DA:86,3
DA:92,0
DA:96,0
LF:24
LH:4
BRDA:29,0,0,0
BRDA:29,0,1,0
BRDA:34,1,0,0
BRDA:34,1,1,0
BRDA:41,2,0,0
BRDA:41,2,1,0
BRDA:57,3,0,0
BRDA:57,3,1,0
BRDA:66,4,0,0
BRDA:66,4,1,0
BRDA:88,5,0,0
BRDA:88,5,1,3
BRDA:96,6,0,0
BRDA:96,6,1,3
BRF:14
BRH:2
end_of_record
TN:
SF:client/src/components/rating_review/ratingSummary/averageStar.jsx
FN:5,(anonymous_0)
FN:10,(anonymous_1)
FN:11,(anonymous_2)
FNF:3
FNH:3
FNDA:1,(anonymous_0)
FNDA:1,(anonymous_1)
FNDA:1,(anonymous_2)
DA:5,1
DA:7,1
DA:8,1
DA:10,1
DA:11,1
DA:12,1
DA:13,1
DA:18,1
LF:8
LH:8
BRF:0
BRH:0
end_of_record
TN:
SF:client/src/components/rating_review/ratingSummary/ratingBreakdown.jsx
FN:3,(anonymous_0)
FN:11,(anonymous_1)
FN:15,(anonymous_2)
FN:37,(anonymous_3)
FNF:4
FNH:3
FNDA:1,(anonymous_0)
FNDA:1,(anonymous_1)
FNDA:1,(anonymous_2)
FNDA:0,(anonymous_3)
DA:3,1
DA:5,1
DA:6,1
DA:7,1
DA:9,1
DA:11,1
DA:12,1
DA:15,1
DA:16,1
DA:17,0
DA:18,0
DA:19,0
DA:21,0
DA:23,0
DA:24,0
DA:33,1
DA:38,0
LF:17
LH:10
BRDA:16,0,0,0
BRDA:16,0,1,1
BRF:2
BRH:1
end_of_record
TN:
SF:client/src/components/rating_review/ratingSummary/ratingSummary.jsx
FN:6,(anonymous_0)
FN:13,(anonymous_1)
FN:18,(anonymous_2)
FNF:3
FNH:3
FNDA:1,(anonymous_0)
FNDA:1,(anonymous_1)
FNDA:1,(anonymous_2)
DA:6,1
DA:8,1
DA:9,1
DA:10,1
DA:13,1
DA:14,1
DA:18,1
DA:20,1
DA:21,1
DA:22,1
DA:23,1
DA:24,0
DA:25,0
DA:26,0
DA:30,1
DA:32,1
DA:33,1
DA:35,1
DA:36,1
DA:37,1
DA:43,1
LF:21
LH:18
BRDA:32,0,0,1
BRDA:32,0,1,0
BRF:2
BRH:1
end_of_record
TN:
SF:client/src/components/rating_review/ratingSummary/recommendation.jsx
FN:3,(anonymous_0)
FN:10,(anonymous_1)
FN:15,(anonymous_2)
FNF:3
FNH:3
FNDA:1,(anonymous_0)
FNDA:1,(anonymous_1)
FNDA:1,(anonymous_2)
DA:3,1
DA:5,1
DA:6,1
DA:7,1
DA:10,1
DA:11,1
DA:15,1
DA:16,1
DA:18,0
DA:19,0
DA:20,0
DA:22,0
DA:23,0
DA:25,0
DA:28,0
DA:37,1
LF:16
LH:9
BRDA:16,0,0,0
BRDA:16,0,1,1
BRDA:22,1,0,0
BRDA:22,1,1,0
BRF:4
BRH:1
end_of_record
TN:
SF:client/src/components/rating_review/reviewPhoto/photoItem.jsx
FN:3,(anonymous_0)
FN:7,(anonymous_1)
FN:15,(anonymous_2)
FN:18,(anonymous_3)
FN:21,(anonymous_4)
FNF:5
FNH:1
FNDA:15,(anonymous_0)
FNDA:0,(anonymous_1)
FNDA:0,(anonymous_2)
FNDA:0,(anonymous_3)
FNDA:0,(anonymous_4)
DA:3,1
DA:5,15
DA:7,15
DA:8,0
DA:13,15
DA:15,0
DA:18,0
DA:21,0
LF:8
LH:4
BRDA:16,0,0,0
BRDA:16,0,1,15
BRF:2
BRH:1
end_of_record
TN:
SF:client/src/components/rating_review/reviewPhoto/reviewPhotoList.jsx
FN:5,(anonymous_0)
FN:12,(anonymous_1)
FNF:2
FNH:2
FNDA:5,(anonymous_0)
FNDA:15,(anonymous_1)
DA:5,1
DA:10,5
DA:13,15
LF:3
LH:3
BRF:0
BRH:0
end_of_record
TN:
SF:client/src/components/rating_review/sorting/sorting.jsx
FN:3,(anonymous_0)
FN:10,(anonymous_1)
FN:18,(anonymous_2)
FN:35,(anonymous_3)
FN:37,(anonymous_4)
FN:38,(anonymous_5)
FNF:6
FNH:0
FNDA:0,(anonymous_0)
FNDA:0,(anonymous_1)
FNDA:0,(anonymous_2)
FNDA:0,(anonymous_3)
FNDA:0,(anonymous_4)
FNDA:0,(anonymous_5)
DA:3,1
DA:4,0
DA:5,0
DA:6,0
DA:10,0
DA:11,0
DA:12,0
DA:14,0
DA:18,0
DA:19,0
DA:20,0
DA:21,0
DA:23,0
DA:24,0
DA:26,0
DA:29,0
DA:33,0
DA:35,0
DA:38,0
LF:19
LH:1
BRDA:11,0,0,0
BRDA:11,0,1,0
BRDA:20,1,0,0
BRDA:20,1,1,0
BRF:4
BRH:0
end_of_record
TN:
SF:client/src/components/rating_review/starRating/helper.js
FN:2,(anonymous_0)
FN:46,(anonymous_1)
FNF:2
FNH:1
FNDA:8,(anonymous_0)
FNDA:0,(anonymous_1)
DA:1,1
DA:3,8
DA:4,8
DA:5,8
DA:12,8
DA:14,0
DA:15,0
DA:17,0
DA:18,0
DA:20,0
DA:22,0
DA:23,0
DA:25,0
DA:26,0
DA:31,8
DA:32,40
DA:34,24
DA:36,40
DA:37,16
DA:44,8
DA:49,0
DA:50,0
DA:51,0
DA:52,0
DA:53,0
DA:54,0
LF:26
LH:11
BRDA:12,0,0,0
BRDA:12,0,1,8
BRDA:18,1,0,0
BRDA:18,1,1,0
BRDA:22,2,0,0
BRDA:22,2,1,0
BRDA:25,3,0,0
BRDA:25,3,1,0
BRDA:25,4,0,0
BRDA:25,4,1,0
BRDA:32,5,0,24
BRDA:32,5,1,16
BRDA:36,6,0,16
BRDA:36,6,1,24
BRDA:36,7,0,40
BRDA:36,7,1,24
BRDA:49,8,0,0
BRDA:49,8,1,0
BRDA:51,9,0,0
BRDA:51,9,1,0
BRDA:51,10,0,0
BRDA:51,10,1,0
BRDA:53,11,0,0
BRDA:53,11,1,0
BRDA:53,12,0,0
BRDA:53,12,1,0
BRF:26
BRH:7
end_of_record
TN:
SF:client/src/components/rating_review/starRating/starDiv.jsx
FN:3,(anonymous_0)
FN:6,(anonymous_1)
FNF:2
FNH:2
FNDA:23,(anonymous_0)
FNDA:40,(anonymous_1)
DA:3,1
DA:4,23
DA:8,40
LF:3
LH:3
BRF:0
BRH:0
end_of_record
TN:
SF:client/src/components/rating_review/starRating/starRating.jsx
FN:9,(anonymous_0)
FN:17,(anonymous_1)
FN:24,(anonymous_2)
FNF:3
FNH:3
FNDA:7,(anonymous_0)
FNDA:7,(anonymous_1)
FNDA:22,(anonymous_2)
DA:10,7
DA:11,7
DA:19,7
DA:21,7
DA:26,22
LF:5
LH:5
BRF:0
BRH:0
end_of_record
TN:
SF:tests/test_rating_reviews/test_data.js
FNF:0
FNH:0
DA:1,1
LF:1
LH:1
BRF:0
BRH:0
end_of_record
